[2022-09-14T11:41:01.147Z] Log level: Info
[2022-09-14T11:41:01.156Z] [info] Validating found git in: git
[2022-09-14T11:41:01.192Z] [info] Using git 2.37.3 from git
[2022-09-14T11:41:01.225Z] > git rev-parse --show-toplevel [9ms]
[2022-09-14T11:41:01.253Z] > git rev-parse --git-dir --git-common-dir [15ms]
[2022-09-14T11:41:01.264Z] [info] Open repository: /home/maryam/Development/code/prework/phase-0-organizing-work-on-your-computer
[2022-09-14T11:41:01.282Z] > git status -z -uall [4ms]
[2022-09-14T11:41:01.295Z] > git symbolic-ref --short HEAD [4ms]
[2022-09-14T11:41:01.319Z] > git for-each-ref --format=%(refname)%00%(upstream:short)%00%(objectname)%00%(upstream:track)%00%(upstream:remotename)%00%(upstream:remoteref) refs/heads/main refs/remotes/main [14ms]
[2022-09-14T11:41:01.350Z] > git remote --verbose [8ms]
[2022-09-14T11:41:01.352Z] > git for-each-ref --sort -committerdate --format %(refname) %(objectname) %(*objectname) [20ms]
[2022-09-14T11:41:01.373Z] > git config --get commit.template [2ms]
[2022-09-14T11:41:01.387Z] > git status -z -uall [4ms]
[2022-09-14T11:41:01.393Z] > git symbolic-ref --short HEAD [2ms]
[2022-09-14T11:41:01.399Z] > git for-each-ref --format=%(refname)%00%(upstream:short)%00%(objectname)%00%(upstream:track)%00%(upstream:remotename)%00%(upstream:remoteref) refs/heads/main refs/remotes/main [2ms]
[2022-09-14T11:41:01.408Z] > git remote --verbose [1ms]
[2022-09-14T11:41:01.409Z] > git for-each-ref --sort -committerdate --format %(refname) %(objectname) %(*objectname) [5ms]
[2022-09-14T11:41:01.418Z] > git config --get commit.template [1ms]
[2022-09-14T11:41:01.822Z] > git check-ignore -v -z --stdin [2ms]
[2022-09-14T11:41:03.435Z] > git fetch [2162ms]
[2022-09-14T11:41:03.439Z] > git status -z -uall [1ms]
[2022-09-14T11:41:03.442Z] > git symbolic-ref --short HEAD [1ms]
[2022-09-14T11:41:03.447Z] > git for-each-ref --format=%(refname)%00%(upstream:short)%00%(objectname)%00%(upstream:track)%00%(upstream:remotename)%00%(upstream:remoteref) refs/heads/main refs/remotes/main [1ms]
[2022-09-14T11:41:03.453Z] > git remote --verbose [1ms]
[2022-09-14T11:41:03.454Z] > git for-each-ref --sort -committerdate --format %(refname) %(objectname) %(*objectname) [4ms]
[2022-09-14T11:41:03.460Z] > git config --get commit.template [1ms]
[2022-09-14T11:44:48.574Z] > git fetch [2234ms]
[2022-09-14T11:44:48.584Z] > git status -z -uall [3ms]
[2022-09-14T11:44:48.596Z] > git symbolic-ref --short HEAD [2ms]
[2022-09-14T11:44:48.654Z] > git for-each-ref --format=%(refname)%00%(upstream:short)%00%(objectname)%00%(upstream:track)%00%(upstream:remotename)%00%(upstream:remoteref) refs/heads/main refs/remotes/main [51ms]
[2022-09-14T11:44:48.670Z] > git remote --verbose [2ms]
[2022-09-14T11:44:48.671Z] > git for-each-ref --sort -committerdate --format %(refname) %(objectname) %(*objectname) [10ms]
[2022-09-14T11:44:48.689Z] > git config --get commit.template [2ms]
[2022-09-14T11:45:31.421Z] > git check-ignore -v -z --stdin [2ms]
[2022-09-14T11:47:27.160Z] > git status -z -uall [4ms]
[2022-09-14T11:47:27.165Z] > git symbolic-ref --short HEAD [1ms]
[2022-09-14T11:47:27.170Z] > git for-each-ref --format=%(refname)%00%(upstream:short)%00%(objectname)%00%(upstream:track)%00%(upstream:remotename)%00%(upstream:remoteref) refs/heads/main refs/remotes/main [1ms]
[2022-09-14T11:47:27.179Z] > git remote --verbose [1ms]
[2022-09-14T11:47:27.179Z] > git for-each-ref --sort -committerdate --format %(refname) %(objectname) %(*objectname) [4ms]
[2022-09-14T11:47:27.189Z] > git config --get commit.template [1ms]
[2022-09-14T11:47:27.223Z] > git check-ignore -v -z --stdin [3ms]
[2022-09-14T11:47:50.881Z] > git fetch [2181ms]
[2022-09-14T11:47:50.885Z] > git status -z -uall [1ms]
[2022-09-14T11:47:50.889Z] > git symbolic-ref --short HEAD [1ms]
[2022-09-14T11:47:50.894Z] > git for-each-ref --format=%(refname)%00%(upstream:short)%00%(objectname)%00%(upstream:track)%00%(upstream:remotename)%00%(upstream:remoteref) refs/heads/main refs/remotes/main [1ms]
[2022-09-14T11:47:50.901Z] > git remote --verbose [2ms]
[2022-09-14T11:47:50.901Z] > git for-each-ref --sort -committerdate --format %(refname) %(objectname) %(*objectname) [4ms]
[2022-09-14T11:47:50.909Z] > git config --get commit.template [1ms]
[2022-09-14T11:49:31.202Z] > git status -z -uall [2ms]
[2022-09-14T11:49:31.208Z] > git symbolic-ref --short HEAD [1ms]
[2022-09-14T11:49:31.214Z] > git for-each-ref --format=%(refname)%00%(upstream:short)%00%(objectname)%00%(upstream:track)%00%(upstream:remotename)%00%(upstream:remoteref) refs/heads/main refs/remotes/main [1ms]
[2022-09-14T11:49:31.220Z] > git remote --verbose [1ms]
[2022-09-14T11:49:31.220Z] > git for-each-ref --sort -committerdate --format %(refname) %(objectname) %(*objectname) [4ms]
[2022-09-14T11:49:31.228Z] > git config --get commit.template [1ms]
[2022-09-14T11:49:57.063Z] > git status -z -uall [3ms]
[2022-09-14T11:49:57.072Z] > git symbolic-ref --short HEAD [3ms]
[2022-09-14T11:49:57.078Z] > git for-each-ref --format=%(refname)%00%(upstream:short)%00%(objectname)%00%(upstream:track)%00%(upstream:remotename)%00%(upstream:remoteref) refs/heads/main refs/remotes/main [3ms]
[2022-09-14T11:49:57.085Z] > git remote --verbose [2ms]
[2022-09-14T11:49:57.085Z] > git for-each-ref --sort -committerdate --format %(refname) %(objectname) %(*objectname) [4ms]
[2022-09-14T11:49:57.092Z] > git config --get commit.template [1ms]
[2022-09-14T11:50:20.681Z] > git status -z -uall [1ms]
[2022-09-14T11:50:20.687Z] > git symbolic-ref --short HEAD [1ms]
[2022-09-14T11:50:20.691Z] > git for-each-ref --format=%(refname)%00%(upstream:short)%00%(objectname)%00%(upstream:track)%00%(upstream:remotename)%00%(upstream:remoteref) refs/heads/main refs/remotes/main [1ms]
[2022-09-14T11:50:20.698Z] > git remote --verbose [1ms]
[2022-09-14T11:50:20.698Z] > git for-each-ref --sort -committerdate --format %(refname) %(objectname) %(*objectname) [4ms]
[2022-09-14T11:50:20.707Z] > git config --get commit.template [1ms]
[2022-09-14T11:50:53.113Z] > git fetch [2198ms]
[2022-09-14T11:50:53.117Z] > git status -z -uall [1ms]
[2022-09-14T11:50:53.121Z] > git symbolic-ref --short HEAD [1ms]
[2022-09-14T11:50:53.128Z] > git for-each-ref --format=%(refname)%00%(upstream:short)%00%(objectname)%00%(upstream:track)%00%(upstream:remotename)%00%(upstream:remoteref) refs/heads/main refs/remotes/main [1ms]
[2022-09-14T11:50:53.135Z] > git remote --verbose [1ms]
[2022-09-14T11:50:53.136Z] > git for-each-ref --sort -committerdate --format %(refname) %(objectname) %(*objectname) [5ms]
[2022-09-14T11:50:53.146Z] > git config --get commit.template [0ms]
