[2022-09-19T08:52:30.727Z] Log level: Info
[2022-09-19T08:52:30.738Z] [info] Validating found git in: git
[2022-09-19T08:52:30.966Z] [info] Using git 2.37.3 from git
[2022-09-19T08:52:31.038Z] > git rev-parse --show-toplevel [24ms]
[2022-09-19T08:52:31.059Z] > git rev-parse --git-dir --git-common-dir [2ms]
[2022-09-19T08:52:31.072Z] [info] Open repository: /home/maryam/my-git-project/react
[2022-09-19T08:52:32.233Z] > git check-ignore -v -z --stdin [19ms]
[2022-09-19T08:52:32.543Z] > git show --textconv :my_new_directory/README.md [28ms]
[2022-09-19T08:52:32.543Z] > git ls-files --stage -- /home/maryam/my-git-project/react/my_new_directory/README.md [16ms]
[2022-09-19T08:52:33.515Z] > git status -z -uall [2373ms]
[2022-09-19T08:52:33.523Z] > git symbolic-ref --short HEAD [5ms]
[2022-09-19T08:52:33.534Z] > git for-each-ref --format=%(refname)%00%(upstream:short)%00%(objectname)%00%(upstream:track)%00%(upstream:remotename)%00%(upstream:remoteref) refs/heads/main refs/remotes/main [7ms]
[2022-09-19T08:52:33.544Z] > git remote --verbose [2ms]
[2022-09-19T08:52:33.604Z] > git for-each-ref --sort -committerdate --format %(refname) %(objectname) %(*objectname) [66ms]
[2022-09-19T08:52:33.628Z] > git config --get commit.template [3ms]
[2022-09-19T08:52:33.954Z] > git status -z -uall [315ms]
[2022-09-19T08:52:33.959Z] > git symbolic-ref --short HEAD [0ms]
[2022-09-19T08:52:33.968Z] > git for-each-ref --format=%(refname)%00%(upstream:short)%00%(objectname)%00%(upstream:track)%00%(upstream:remotename)%00%(upstream:remoteref) refs/heads/main refs/remotes/main [1ms]
[2022-09-19T08:52:33.975Z] > git remote --verbose [1ms]
[2022-09-19T08:52:33.975Z] > git for-each-ref --sort -committerdate --format %(refname) %(objectname) %(*objectname) [4ms]
[2022-09-19T08:52:33.982Z] > git config --get commit.template [1ms]
[2022-09-19T08:52:34.010Z] > git fetch [2910ms]
[2022-09-19T08:52:34.311Z] > git status -z -uall [298ms]
[2022-09-19T08:52:34.315Z] > git symbolic-ref --short HEAD [1ms]
[2022-09-19T08:52:34.322Z] > git for-each-ref --format=%(refname)%00%(upstream:short)%00%(objectname)%00%(upstream:track)%00%(upstream:remotename)%00%(upstream:remoteref) refs/heads/main refs/remotes/main [2ms]
[2022-09-19T08:52:34.331Z] > git remote --verbose [1ms]
[2022-09-19T08:52:34.332Z] > git for-each-ref --sort -committerdate --format %(refname) %(objectname) %(*objectname) [6ms]
[2022-09-19T08:52:34.344Z] > git config --get commit.template [1ms]
[2022-09-19T08:52:35.024Z] > git ls-files --stage -- /home/maryam/my-git-project/react/my_new_directory/README.md [3ms]
[2022-09-19T08:52:35.082Z] > git show --textconv :my_new_directory/README.md [2ms]
[2022-09-19T08:59:33.296Z] > git fetch [2775ms]
[2022-09-19T08:59:34.327Z] > git status -z -uall [1004ms]
[2022-09-19T08:59:34.340Z] > git symbolic-ref --short HEAD [2ms]
[2022-09-19T08:59:34.372Z] > git for-each-ref --format=%(refname)%00%(upstream:short)%00%(objectname)%00%(upstream:track)%00%(upstream:remotename)%00%(upstream:remoteref) refs/heads/main refs/remotes/main [2ms]
[2022-09-19T08:59:34.416Z] > git remote --verbose [15ms]
[2022-09-19T08:59:34.418Z] > git for-each-ref --sort -committerdate --format %(refname) %(objectname) %(*objectname) [31ms]
[2022-09-19T08:59:34.489Z] > git config --get commit.template [2ms]
