0 verbose cli /home/maryam/.nvm/versions/node/v16.17.0/bin/node /home/maryam/.nvm/versions/node/v16.17.0/bin/npm
1 info using npm@8.15.0
2 info using node@v16.17.0
3 timing npm:load:whichnode Completed in 0ms
4 timing config:load:defaults Completed in 3ms
5 timing config:load:file:/home/maryam/.nvm/versions/node/v16.17.0/lib/node_modules/npm/npmrc Completed in 2ms
6 timing config:load:builtin Completed in 2ms
7 timing config:load:cli Completed in 1ms
8 timing config:load:env Completed in 1ms
9 timing config:load:file:/home/maryam/my-git-project/react/.npmrc Completed in 0ms
10 timing config:load:project Completed in 17ms
11 timing config:load:file:/home/maryam/.npmrc Completed in 0ms
12 timing config:load:user Completed in 0ms
13 timing config:load:file:/home/maryam/.nvm/versions/node/v16.17.0/etc/npmrc Completed in 0ms
14 timing config:load:global Completed in 0ms
15 timing config:load:validate Completed in 1ms
16 timing config:load:credentials Completed in 2ms
17 timing config:load:setEnvs Completed in 0ms
18 timing config:load Completed in 28ms
19 timing npm:load:configload Completed in 28ms
20 timing npm:load:mkdirpcache Completed in 1ms
21 timing npm:load:mkdirplogs Completed in 1ms
22 verbose title npm install
23 verbose argv "install"
24 timing npm:load:setTitle Completed in 1ms
25 timing config:load:flatten Completed in 2ms
26 timing npm:load:display Completed in 4ms
27 verbose logfile logs-max:10 dir:/home/maryam/.npm/_logs
28 verbose logfile /home/maryam/.npm/_logs/2022-09-19T10_41_21_718Z-debug-0.log
29 timing npm:load:logFile Completed in 12ms
30 timing npm:load:timers Completed in 0ms
31 timing npm:load:configScope Completed in 0ms
32 timing npm:load Completed in 48ms
33 timing arborist:ctor Completed in 1ms
34 silly logfile done cleaning log files
35 timing arborist:ctor Completed in 0ms
36 timing idealTree:init Completed in 285ms
37 timing idealTree:userRequests Completed in 0ms
38 silly idealTree buildDeps
39 silly fetch manifest @babel/cli@7.10.5
40 http fetch GET 200 https://registry.npmjs.org/@babel%2fcli 2150ms (cache revalidated)
41 silly fetch manifest @babel/core@7.11.1
42 http fetch GET 200 https://registry.npmjs.org/@babel%2fcore 1931ms (cache revalidated)
43 silly fetch manifest @babel/code-frame@7.12.13
44 http fetch GET 200 https://registry.npmjs.org/@babel%2fcode-frame 543ms (cache revalidated)
45 silly fetch manifest @babel/eslint-parser@7.11.4
46 http fetch GET 200 https://registry.npmjs.org/@babel%2feslint-parser 7434ms (cache updated)
47 silly fetch manifest eslint@7.7.0
48 http fetch GET 200 https://registry.npmjs.org/eslint 6034ms (cache updated)
49 silly fetch manifest @babel/helper-module-imports@7.10.4
50 http fetch GET 200 https://registry.npmjs.org/@babel%2fhelper-module-imports 5996ms (cache revalidated)
51 silly fetch manifest @babel/parser@7.14.3
52 http fetch GET 200 https://registry.npmjs.org/@babel%2fparser 5995ms (cache revalidated)
53 silly fetch manifest @babel/plugin-external-helpers@7.10.4
54 http fetch GET 200 https://registry.npmjs.org/@babel%2fplugin-external-helpers 1935ms (cache revalidated)
55 silly fetch manifest @babel/plugin-proposal-class-properties@7.10.4
56 http fetch GET 200 https://registry.npmjs.org/@babel%2fplugin-proposal-class-properties 1247ms (cache revalidated)
57 silly fetch manifest @babel/plugin-proposal-object-rest-spread@7.11.0
58 http fetch GET 200 https://registry.npmjs.org/@babel%2fplugin-proposal-object-rest-spread 1896ms (cache revalidated)
59 silly fetch manifest @babel/plugin-syntax-dynamic-import@7.8.3
60 http fetch GET 200 https://registry.npmjs.org/@babel%2fplugin-syntax-dynamic-import 5992ms (cache revalidated)
61 silly fetch manifest @babel/plugin-syntax-import-meta@7.10.4
62 http fetch GET 200 https://registry.npmjs.org/@babel%2fplugin-syntax-import-meta 1921ms (cache revalidated)
63 silly fetch manifest @babel/plugin-syntax-jsx@7.10.4
64 http fetch GET 200 https://registry.npmjs.org/@babel%2fplugin-syntax-jsx 1238ms (cache revalidated)
65 silly fetch manifest @babel/plugin-syntax-typescript@7.14.5
66 http fetch GET 200 https://registry.npmjs.org/@babel%2fplugin-syntax-typescript 1229ms (cache revalidated)
67 silly fetch manifest @babel/plugin-transform-arrow-functions@7.10.4
68 http fetch GET 200 https://registry.npmjs.org/@babel%2fplugin-transform-arrow-functions 542ms (cache revalidated)
69 silly fetch manifest @babel/plugin-transform-async-to-generator@7.10.4
70 http fetch GET 200 https://registry.npmjs.org/@babel%2fplugin-transform-async-to-generator 550ms (cache revalidated)
71 silly fetch manifest @babel/plugin-transform-block-scoped-functions@7.10.4
72 http fetch GET 200 https://registry.npmjs.org/@babel%2fplugin-transform-block-scoped-functions 1235ms (cache revalidated)
73 silly fetch manifest @babel/plugin-transform-block-scoping@7.11.1
74 http fetch GET 200 https://registry.npmjs.org/@babel%2fplugin-transform-block-scoping 554ms (cache revalidated)
75 silly fetch manifest @babel/plugin-transform-classes@7.10.4
76 http fetch GET 200 https://registry.npmjs.org/@babel%2fplugin-transform-classes 1256ms (cache revalidated)
77 silly fetch manifest @babel/plugin-transform-computed-properties@7.10.4
78 http fetch GET 200 https://registry.npmjs.org/@babel%2fplugin-transform-computed-properties 542ms (cache revalidated)
79 silly fetch manifest @babel/plugin-transform-destructuring@7.10.4
80 http fetch GET 200 https://registry.npmjs.org/@babel%2fplugin-transform-destructuring 543ms (cache revalidated)
81 silly fetch manifest @babel/plugin-transform-for-of@7.10.4
82 http fetch GET 200 https://registry.npmjs.org/@babel%2fplugin-transform-for-of 543ms (cache revalidated)
83 silly fetch manifest @babel/plugin-transform-literals@7.10.4
84 http fetch GET 200 https://registry.npmjs.org/@babel%2fplugin-transform-literals 548ms (cache revalidated)
85 silly fetch manifest @babel/plugin-transform-modules-commonjs@7.10.4
86 http fetch GET 200 https://registry.npmjs.org/@babel%2fplugin-transform-modules-commonjs 1234ms (cache revalidated)
87 silly fetch manifest @babel/plugin-transform-object-super@7.10.4
88 http fetch GET 200 https://registry.npmjs.org/@babel%2fplugin-transform-object-super 1233ms (cache revalidated)
89 silly fetch manifest @babel/plugin-transform-parameters@7.10.5
90 http fetch GET 200 https://registry.npmjs.org/@babel%2fplugin-transform-parameters 552ms (cache revalidated)
91 silly fetch manifest @babel/plugin-transform-react-jsx-source@7.10.5
92 http fetch GET 200 https://registry.npmjs.org/@babel%2fplugin-transform-react-jsx-source 542ms (cache revalidated)
93 silly fetch manifest @babel/plugin-transform-shorthand-properties@7.10.4
94 http fetch GET 200 https://registry.npmjs.org/@babel%2fplugin-transform-shorthand-properties 548ms (cache revalidated)
95 silly fetch manifest @babel/plugin-transform-spread@7.11.0
96 http fetch GET 200 https://registry.npmjs.org/@babel%2fplugin-transform-spread 546ms (cache revalidated)
97 silly fetch manifest @babel/plugin-transform-template-literals@7.10.5
98 http fetch GET 200 https://registry.npmjs.org/@babel%2fplugin-transform-template-literals 569ms (cache revalidated)
99 silly fetch manifest @babel/preset-flow@7.10.4
100 http fetch GET 200 https://registry.npmjs.org/@babel%2fpreset-flow 542ms (cache revalidated)
101 silly fetch manifest @babel/preset-react@7.10.4
102 http fetch GET 200 https://registry.npmjs.org/@babel%2fpreset-react 608ms (cache revalidated)
103 silly fetch manifest @babel/traverse@7.11.0
104 http fetch GET 200 https://registry.npmjs.org/@babel%2ftraverse 553ms (cache revalidated)
105 silly fetch manifest abort-controller@3.0.0
106 http fetch GET 200 https://registry.npmjs.org/abort-controller 294ms (cache revalidated)
107 silly fetch manifest art@0.10.1
108 http fetch GET 200 https://registry.npmjs.org/art 279ms (cache revalidated)
109 silly fetch manifest babel-eslint@10.0.3
110 http fetch GET 200 https://registry.npmjs.org/babel-eslint 966ms (cache revalidated)
111 silly fetch manifest babel-plugin-syntax-trailing-function-commas@6.22.0
112 http fetch GET 200 https://registry.npmjs.org/babel-plugin-syntax-trailing-function-commas 277ms (cache revalidated)
113 silly fetch manifest chalk@3.0.0
114 http fetch GET 200 https://registry.npmjs.org/chalk 280ms (cache revalidated)
115 silly fetch manifest cli-table@0.3.1
116 http fetch GET 200 https://registry.npmjs.org/cli-table 297ms (cache revalidated)
117 silly fetch manifest coffee-script@1.12.7
118 http fetch GET 200 https://registry.npmjs.org/coffee-script 285ms (cache revalidated)
119 silly fetch manifest confusing-browser-globals@1.0.9
120 http fetch GET 200 https://registry.npmjs.org/confusing-browser-globals 283ms (cache revalidated)
121 silly fetch manifest core-js@3.6.4
122 http fetch GET 200 https://registry.npmjs.org/core-js 298ms (cache revalidated)
123 silly fetch manifest coveralls@3.0.9
124 http fetch GET 200 https://registry.npmjs.org/coveralls 284ms (cache revalidated)
125 silly fetch manifest create-react-class@15.6.3
126 http fetch GET 200 https://registry.npmjs.org/create-react-class 287ms (cache revalidated)
127 silly fetch manifest danger@9.2.10
128 http fetch GET 200 https://registry.npmjs.org/danger 301ms (cache revalidated)
129 silly fetch manifest error-stack-parser@2.0.6
130 http fetch GET 200 https://registry.npmjs.org/error-stack-parser 286ms (cache revalidated)
131 silly fetch manifest eslint-config-fbjs@3.1.1
132 http fetch GET 200 https://registry.npmjs.org/eslint-config-fbjs 300ms (cache revalidated)
133 silly fetch manifest eslint@^5.1.0 || ^6.0.0
134 timing idealTree Completed in 64064ms
135 timing command:install Completed in 64078ms
136 verbose stack Error: unable to resolve dependency tree
136 verbose stack     at Arborist.[failPeerConflict] (/home/maryam/.nvm/versions/node/v16.17.0/lib/node_modules/npm/node_modules/@npmcli/arborist/lib/arborist/build-ideal-tree.js:1428:25)
136 verbose stack     at Arborist.[loadPeerSet] (/home/maryam/.nvm/versions/node/v16.17.0/lib/node_modules/npm/node_modules/@npmcli/arborist/lib/arborist/build-ideal-tree.js:1421:30)
136 verbose stack     at async Arborist.[buildDepStep] (/home/maryam/.nvm/versions/node/v16.17.0/lib/node_modules/npm/node_modules/@npmcli/arborist/lib/arborist/build-ideal-tree.js:976:11)
136 verbose stack     at async Arborist.buildIdealTree (/home/maryam/.nvm/versions/node/v16.17.0/lib/node_modules/npm/node_modules/@npmcli/arborist/lib/arborist/build-ideal-tree.js:218:7)
136 verbose stack     at async Promise.all (index 1)
136 verbose stack     at async Arborist.reify (/home/maryam/.nvm/versions/node/v16.17.0/lib/node_modules/npm/node_modules/@npmcli/arborist/lib/arborist/reify.js:154:5)
136 verbose stack     at async Install.exec (/home/maryam/.nvm/versions/node/v16.17.0/lib/node_modules/npm/lib/commands/install.js:145:5)
136 verbose stack     at async module.exports (/home/maryam/.nvm/versions/node/v16.17.0/lib/node_modules/npm/lib/cli.js:78:5)
137 verbose cwd /home/maryam/my-git-project/react
138 verbose Linux 5.10.102.1-microsoft-standard-WSL2
139 verbose node v16.17.0
140 verbose npm  v8.15.0
141 error code ERESOLVE
142 error ERESOLVE unable to resolve dependency tree
143 error
144 error While resolving: [1mundefined[22m@[1mundefined[22m
144 error Found: [1meslint[22m@[1m7.7.0[22m[2m[22m
144 error [2mnode_modules/eslint[22m
144 error   [33mdev[39m [1meslint[22m@"[1m^7.7.0[22m" from the root project
144 error   [35mpeer[39m [1meslint[22m@"[1m>= 4.12.1[22m" from [1mbabel-eslint[22m@[1m10.0.3[22m[2m[22m
144 error   [2mnode_modules/babel-eslint[22m
144 error     [33mdev[39m [1mbabel-eslint[22m@"[1m^10.0.3[22m" from the root project
144 error     [35mpeer[39m [1mbabel-eslint[22m@"[1m^8.0.0 || ^9.0.0 || ^10.0.0[22m" from [1meslint-config-fbjs[22m@[1m3.1.1[22m[2m[22m
144 error     [2mnode_modules/eslint-config-fbjs[22m
144 error       [33mdev[39m [1meslint-config-fbjs[22m@"[1m^3.1.1[22m" from the root project
144 error
144 error Could not resolve dependency:
144 error [35mpeer[39m [1meslint[22m@"[1m^5.1.0 || ^6.0.0[22m" from [1meslint-config-fbjs[22m@[1m3.1.1[22m[2m[22m
144 error [2mnode_modules/eslint-config-fbjs[22m
144 error   [33mdev[39m [1meslint-config-fbjs[22m@"[1m^3.1.1[22m" from the root project
144 error
144 error Fix the upstream dependency conflict, or retry
144 error this command with --force, or --legacy-peer-deps
144 error to accept an incorrect (and potentially broken) dependency resolution.
144 error
144 error See /home/maryam/.npm/eresolve-report.txt for a full report.
145 verbose exit 1
146 timing npm Completed in 64204ms
147 verbose unfinished npm timer reify 1663584081835
148 verbose unfinished npm timer reify:loadTrees 1663584081844
149 verbose unfinished npm timer idealTree:buildDeps 1663584082131
150 verbose unfinished npm timer idealTree:#root 1663584082132
151 verbose code 1
152 error A complete log of this run can be found in:
152 error     /home/maryam/.npm/_logs/2022-09-19T10_41_21_718Z-debug-0.log
