0 verbose cli /home/maryam/.nvm/versions/node/v16.17.0/bin/node /home/maryam/.nvm/versions/node/v16.17.0/bin/npm
1 info using npm@8.15.0
2 info using node@v16.17.0
3 timing npm:load:whichnode Completed in 0ms
4 timing config:load:defaults Completed in 1ms
5 timing config:load:file:/home/maryam/.nvm/versions/node/v16.17.0/lib/node_modules/npm/npmrc Completed in 5ms
6 timing config:load:builtin Completed in 5ms
7 timing config:load:cli Completed in 1ms
8 timing config:load:env Completed in 1ms
9 timing config:load:file:/home/maryam/my-git-project/react/.npmrc Completed in 1ms
10 timing config:load:project Completed in 17ms
11 timing config:load:file:/home/maryam/.npmrc Completed in 0ms
12 timing config:load:user Completed in 1ms
13 timing config:load:file:/home/maryam/.nvm/versions/node/v16.17.0/etc/npmrc Completed in 0ms
14 timing config:load:global Completed in 0ms
15 timing config:load:validate Completed in 0ms
16 timing config:load:credentials Completed in 2ms
17 timing config:load:setEnvs Completed in 1ms
18 timing config:load Completed in 30ms
19 timing npm:load:configload Completed in 31ms
20 timing npm:load:mkdirpcache Completed in 2ms
21 timing npm:load:mkdirplogs Completed in 4ms
22 verbose title npm install
23 verbose argv "install"
24 timing npm:load:setTitle Completed in 1ms
25 timing config:load:flatten Completed in 2ms
26 timing npm:load:display Completed in 3ms
27 verbose logfile logs-max:10 dir:/home/maryam/.npm/_logs
28 verbose logfile /home/maryam/.npm/_logs/2022-09-19T10_35_47_026Z-debug-0.log
29 timing npm:load:logFile Completed in 12ms
30 timing npm:load:timers Completed in 0ms
31 timing npm:load:configScope Completed in 0ms
32 timing npm:load Completed in 53ms
33 timing arborist:ctor Completed in 1ms
34 silly logfile done cleaning log files
35 timing arborist:ctor Completed in 0ms
36 timing idealTree:init Completed in 314ms
37 timing idealTree:userRequests Completed in 0ms
38 silly idealTree buildDeps
39 silly fetch manifest @babel/cli@7.10.5
40 http fetch GET 200 https://registry.npmjs.org/npm 2027ms (cache miss)
41 http fetch GET 200 https://registry.npmjs.org/@babel%2fcli 2703ms (cache miss)
42 silly fetch manifest @babel/core@7.11.1
43 http fetch GET 200 https://registry.npmjs.org/@babel%2fcore 1288ms (cache miss)
44 silly fetch manifest @babel/code-frame@7.12.13
45 http fetch GET 200 https://registry.npmjs.org/@babel%2fcode-frame 570ms (cache miss)
46 silly fetch manifest @babel/eslint-parser@7.11.4
47 http fetch GET 200 https://registry.npmjs.org/@babel%2feslint-parser 1300ms (cache miss)
48 silly fetch manifest eslint@7.7.0
49 http fetch GET 200 https://registry.npmjs.org/eslint 522ms (cache miss)
50 silly fetch manifest @babel/helper-module-imports@7.10.4
51 http fetch GET 200 https://registry.npmjs.org/@babel%2fhelper-module-imports 562ms (cache miss)
52 silly fetch manifest @babel/parser@7.14.3
53 http fetch GET 200 https://registry.npmjs.org/@babel%2fparser 1262ms (cache miss)
54 silly fetch manifest @babel/plugin-external-helpers@7.10.4
55 http fetch GET 200 https://registry.npmjs.org/@babel%2fplugin-external-helpers 1729ms (cache miss)
56 silly fetch manifest @babel/plugin-proposal-class-properties@7.10.4
57 http fetch GET 200 https://registry.npmjs.org/@babel%2fplugin-proposal-class-properties 1269ms (cache miss)
58 silly fetch manifest @babel/plugin-proposal-object-rest-spread@7.11.0
59 http fetch GET 200 https://registry.npmjs.org/@babel%2fplugin-proposal-object-rest-spread 1289ms (cache miss)
60 silly fetch manifest @babel/plugin-syntax-dynamic-import@7.8.3
61 http fetch GET 200 https://registry.npmjs.org/@babel%2fplugin-syntax-dynamic-import 559ms (cache miss)
62 silly fetch manifest @babel/plugin-syntax-import-meta@7.10.4
63 http fetch GET 200 https://registry.npmjs.org/@babel%2fplugin-syntax-import-meta 564ms (cache miss)
64 silly fetch manifest @babel/plugin-syntax-jsx@7.10.4
65 http fetch GET 200 https://registry.npmjs.org/@babel%2fplugin-syntax-jsx 564ms (cache miss)
66 silly fetch manifest @babel/plugin-syntax-typescript@7.14.5
67 http fetch GET 200 https://registry.npmjs.org/@babel%2fplugin-syntax-typescript 1243ms (cache miss)
68 silly fetch manifest @babel/plugin-transform-arrow-functions@7.10.4
69 http fetch GET 200 https://registry.npmjs.org/@babel%2fplugin-transform-arrow-functions 602ms (cache miss)
70 silly fetch manifest @babel/plugin-transform-async-to-generator@7.10.4
71 http fetch GET 200 https://registry.npmjs.org/@babel%2fplugin-transform-async-to-generator 583ms (cache miss)
72 silly fetch manifest @babel/plugin-transform-block-scoped-functions@7.10.4
73 http fetch GET 200 https://registry.npmjs.org/@babel%2fplugin-transform-block-scoped-functions 582ms (cache miss)
74 silly fetch manifest @babel/plugin-transform-block-scoping@7.11.1
75 http fetch GET 200 https://registry.npmjs.org/@babel%2fplugin-transform-block-scoping 585ms (cache miss)
76 silly fetch manifest @babel/plugin-transform-classes@7.10.4
77 http fetch GET 200 https://registry.npmjs.org/@babel%2fplugin-transform-classes 1271ms (cache miss)
78 silly fetch manifest @babel/plugin-transform-computed-properties@7.10.4
79 http fetch GET 200 https://registry.npmjs.org/@babel%2fplugin-transform-computed-properties 573ms (cache miss)
80 silly fetch manifest @babel/plugin-transform-destructuring@7.10.4
81 http fetch GET 200 https://registry.npmjs.org/@babel%2fplugin-transform-destructuring 583ms (cache miss)
82 silly fetch manifest @babel/plugin-transform-for-of@7.10.4
83 http fetch GET 200 https://registry.npmjs.org/@babel%2fplugin-transform-for-of 618ms (cache miss)
84 silly fetch manifest @babel/plugin-transform-literals@7.10.4
85 http fetch GET 200 https://registry.npmjs.org/@babel%2fplugin-transform-literals 1265ms (cache miss)
86 silly fetch manifest @babel/plugin-transform-modules-commonjs@7.10.4
87 http fetch GET 200 https://registry.npmjs.org/@babel%2fplugin-transform-modules-commonjs 1298ms (cache miss)
88 silly fetch manifest @babel/plugin-transform-object-super@7.10.4
89 http fetch GET 200 https://registry.npmjs.org/@babel%2fplugin-transform-object-super 570ms (cache miss)
90 silly fetch manifest @babel/plugin-transform-parameters@7.10.5
91 http fetch GET 200 https://registry.npmjs.org/@babel%2fplugin-transform-parameters 583ms (cache miss)
92 silly fetch manifest @babel/plugin-transform-react-jsx-source@7.10.5
93 http fetch GET 200 https://registry.npmjs.org/@babel%2fplugin-transform-react-jsx-source 589ms (cache miss)
94 silly fetch manifest @babel/plugin-transform-shorthand-properties@7.10.4
95 http fetch GET 200 https://registry.npmjs.org/@babel%2fplugin-transform-shorthand-properties 574ms (cache miss)
96 silly fetch manifest @babel/plugin-transform-spread@7.11.0
97 http fetch GET 200 https://registry.npmjs.org/@babel%2fplugin-transform-spread 578ms (cache miss)
98 silly fetch manifest @babel/plugin-transform-template-literals@7.10.5
99 http fetch GET 200 https://registry.npmjs.org/@babel%2fplugin-transform-template-literals 581ms (cache miss)
100 silly fetch manifest @babel/preset-flow@7.10.4
101 http fetch GET 200 https://registry.npmjs.org/@babel%2fpreset-flow 580ms (cache miss)
102 silly fetch manifest @babel/preset-react@7.10.4
103 http fetch GET 200 https://registry.npmjs.org/@babel%2fpreset-react 603ms (cache miss)
104 silly fetch manifest @babel/traverse@7.11.0
105 http fetch GET 200 https://registry.npmjs.org/@babel%2ftraverse 604ms (cache miss)
106 silly fetch manifest abort-controller@3.0.0
107 http fetch GET 200 https://registry.npmjs.org/abort-controller 309ms (cache miss)
108 silly fetch manifest art@0.10.1
109 http fetch GET 200 https://registry.npmjs.org/art 349ms (cache miss)
110 silly fetch manifest babel-eslint@10.0.3
111 http fetch GET 200 https://registry.npmjs.org/babel-eslint 353ms (cache miss)
112 silly fetch manifest babel-plugin-syntax-trailing-function-commas@6.22.0
113 http fetch GET 200 https://registry.npmjs.org/babel-plugin-syntax-trailing-function-commas 312ms (cache miss)
114 silly fetch manifest chalk@3.0.0
115 http fetch GET 200 https://registry.npmjs.org/chalk 348ms (cache miss)
116 silly fetch manifest cli-table@0.3.1
117 http fetch GET 200 https://registry.npmjs.org/cli-table 994ms (cache miss)
118 silly fetch manifest coffee-script@1.12.7
119 http fetch GET 200 https://registry.npmjs.org/coffee-script 1250ms (cache miss)
120 silly fetch manifest confusing-browser-globals@1.0.9
121 http fetch GET 200 https://registry.npmjs.org/confusing-browser-globals 353ms (cache miss)
122 silly fetch manifest core-js@3.6.4
123 http fetch GET 200 https://registry.npmjs.org/core-js 1119ms (cache miss)
124 silly fetch manifest coveralls@3.0.9
125 http fetch GET 200 https://registry.npmjs.org/coveralls 848ms (cache miss)
126 silly fetch manifest create-react-class@15.6.3
127 http fetch GET 200 https://registry.npmjs.org/create-react-class 329ms (cache miss)
128 silly fetch manifest danger@9.2.10
129 http fetch GET 200 https://registry.npmjs.org/danger 1300ms (cache miss)
130 silly fetch manifest error-stack-parser@2.0.6
131 http fetch GET 200 https://registry.npmjs.org/error-stack-parser 297ms (cache miss)
132 silly fetch manifest eslint-config-fbjs@3.1.1
133 http fetch GET 200 https://registry.npmjs.org/eslint-config-fbjs 318ms (cache miss)
134 silly fetch manifest eslint@^5.1.0 || ^6.0.0
135 timing idealTree Completed in 37700ms
136 timing command:install Completed in 37746ms
137 notice
137 notice New [33mminor[39m version of npm available! [31m8.15.0[39m -> [32m8.19.2[39m
137 notice Changelog: [36mhttps://github.com/npm/cli/releases/tag/v8.19.2[39m
137 notice Run [32mnpm install -g npm@8.19.2[39m to update!
137 notice
138 verbose stack Error: unable to resolve dependency tree
138 verbose stack     at Arborist.[failPeerConflict] (/home/maryam/.nvm/versions/node/v16.17.0/lib/node_modules/npm/node_modules/@npmcli/arborist/lib/arborist/build-ideal-tree.js:1428:25)
138 verbose stack     at Arborist.[loadPeerSet] (/home/maryam/.nvm/versions/node/v16.17.0/lib/node_modules/npm/node_modules/@npmcli/arborist/lib/arborist/build-ideal-tree.js:1421:30)
138 verbose stack     at async Arborist.[buildDepStep] (/home/maryam/.nvm/versions/node/v16.17.0/lib/node_modules/npm/node_modules/@npmcli/arborist/lib/arborist/build-ideal-tree.js:976:11)
138 verbose stack     at async Arborist.buildIdealTree (/home/maryam/.nvm/versions/node/v16.17.0/lib/node_modules/npm/node_modules/@npmcli/arborist/lib/arborist/build-ideal-tree.js:218:7)
138 verbose stack     at async Promise.all (index 1)
138 verbose stack     at async Arborist.reify (/home/maryam/.nvm/versions/node/v16.17.0/lib/node_modules/npm/node_modules/@npmcli/arborist/lib/arborist/reify.js:154:5)
138 verbose stack     at async Install.exec (/home/maryam/.nvm/versions/node/v16.17.0/lib/node_modules/npm/lib/commands/install.js:145:5)
138 verbose stack     at async module.exports (/home/maryam/.nvm/versions/node/v16.17.0/lib/node_modules/npm/lib/cli.js:78:5)
139 verbose cwd /home/maryam/my-git-project/react/my_new_directory
140 verbose Linux 5.10.102.1-microsoft-standard-WSL2
141 verbose node v16.17.0
142 verbose npm  v8.15.0
143 error code ERESOLVE
144 error ERESOLVE unable to resolve dependency tree
145 error
146 error While resolving: [1mundefined[22m@[1mundefined[22m
146 error Found: [1meslint[22m@[1m7.7.0[22m[2m[22m
146 error [2mnode_modules/eslint[22m
146 error   [33mdev[39m [1meslint[22m@"[1m^7.7.0[22m" from the root project
146 error   [35mpeer[39m [1meslint[22m@"[1m>= 4.12.1[22m" from [1mbabel-eslint[22m@[1m10.0.3[22m[2m[22m
146 error   [2mnode_modules/babel-eslint[22m
146 error     [33mdev[39m [1mbabel-eslint[22m@"[1m^10.0.3[22m" from the root project
146 error     [35mpeer[39m [1mbabel-eslint[22m@"[1m^8.0.0 || ^9.0.0 || ^10.0.0[22m" from [1meslint-config-fbjs[22m@[1m3.1.1[22m[2m[22m
146 error     [2mnode_modules/eslint-config-fbjs[22m
146 error       [33mdev[39m [1meslint-config-fbjs[22m@"[1m^3.1.1[22m" from the root project
146 error
146 error Could not resolve dependency:
146 error [35mpeer[39m [1meslint[22m@"[1m^5.1.0 || ^6.0.0[22m" from [1meslint-config-fbjs[22m@[1m3.1.1[22m[2m[22m
146 error [2mnode_modules/eslint-config-fbjs[22m
146 error   [33mdev[39m [1meslint-config-fbjs[22m@"[1m^3.1.1[22m" from the root project
146 error
146 error Fix the upstream dependency conflict, or retry
146 error this command with --force, or --legacy-peer-deps
146 error to accept an incorrect (and potentially broken) dependency resolution.
146 error
146 error See /home/maryam/.npm/eresolve-report.txt for a full report.
147 verbose exit 1
148 timing npm Completed in 38009ms
149 verbose unfinished npm timer reify 1663583747269
150 verbose unfinished npm timer reify:loadTrees 1663583747312
151 verbose unfinished npm timer idealTree:buildDeps 1663583747628
152 verbose unfinished npm timer idealTree:#root 1663583747629
153 verbose code 1
154 error A complete log of this run can be found in:
154 error     /home/maryam/.npm/_logs/2022-09-19T10_35_47_026Z-debug-0.log
