[2022-09-20T07:17:54.726Z] Log level: Info
[2022-09-20T07:17:54.733Z] [info] Validating found git in: git
[2022-09-20T07:17:54.774Z] [info] Using git 2.37.3 from git
[2022-09-20T07:17:54.798Z] > git rev-parse --show-toplevel [8ms]
[2022-09-20T07:17:54.798Z] fatal: not a git repository (or any of the parent directories): .git
[2022-09-20T07:17:54.809Z] > git rev-parse --show-toplevel [2ms]
[2022-09-20T07:17:54.809Z] fatal: not a git repository (or any of the parent directories): .git
[2022-09-20T07:17:54.857Z] > git rev-parse --show-toplevel [12ms]
[2022-09-20T07:17:54.857Z] fatal: not a git repository (or any of the parent directories): .git
[2022-09-20T07:17:54.871Z] > git rev-parse --show-toplevel [3ms]
[2022-09-20T07:17:54.871Z] fatal: not a git repository (or any of the parent directories): .git
[2022-09-20T07:17:54.885Z] > git rev-parse --show-toplevel [5ms]
[2022-09-20T07:17:54.885Z] fatal: not a git repository (or any of the parent directories): .git
[2022-09-20T07:17:54.891Z] > git rev-parse --show-toplevel [1ms]
[2022-09-20T07:17:54.891Z] fatal: not a git repository (or any of the parent directories): .git
[2022-09-20T07:17:54.905Z] > git rev-parse --show-toplevel [7ms]
[2022-09-20T07:17:54.910Z] > git rev-parse --git-dir --git-common-dir [1ms]
[2022-09-20T07:17:54.921Z] [info] Open repository: /home/maryam/.nvm
[2022-09-20T07:17:54.951Z] > git rev-parse --show-toplevel [6ms]
[2022-09-20T07:17:54.951Z] fatal: not a git repository (or any of the parent directories): .git
[2022-09-20T07:17:54.960Z] > git rev-parse --show-toplevel [2ms]
[2022-09-20T07:17:54.960Z] fatal: not a git repository (or any of the parent directories): .git
[2022-09-20T07:17:54.968Z] > git rev-parse --show-toplevel [1ms]
[2022-09-20T07:17:54.968Z] fatal: not a git repository (or any of the parent directories): .git
[2022-09-20T07:17:54.981Z] > git rev-parse --show-toplevel [4ms]
[2022-09-20T07:17:54.988Z] > git rev-parse --git-dir --git-common-dir [1ms]
[2022-09-20T07:17:54.995Z] [info] Open repository: /home/maryam/my-git-project
[2022-09-20T07:17:55.036Z] > git status -z -uall [98ms]
[2022-09-20T07:17:55.044Z] > git status -z -uall [29ms]
[2022-09-20T07:17:55.052Z] > git fetch [46ms]
[2022-09-20T07:17:55.060Z] > git symbolic-ref --short HEAD [9ms]
[2022-09-20T07:17:55.067Z] > git symbolic-ref --short HEAD [23ms]
[2022-09-20T07:17:55.067Z] fatal: ref HEAD is not a symbolic ref
[2022-09-20T07:17:55.073Z] > git rev-parse --show-toplevel [46ms]
[2022-09-20T07:17:55.081Z] > git rev-parse HEAD [9ms]
[2022-09-20T07:17:55.093Z] > git for-each-ref --format=%(refname)%00%(upstream:short)%00%(objectname)%00%(upstream:track)%00%(upstream:remotename)%00%(upstream:remoteref) refs/heads/main refs/remotes/main [27ms]
[2022-09-20T07:17:55.105Z] > git remote --verbose [2ms]
[2022-09-20T07:17:55.106Z] > git for-each-ref --sort -committerdate --format %(refname) %(objectname) %(*objectname) [8ms]
[2022-09-20T07:17:55.109Z] > git remote --verbose [17ms]
[2022-09-20T07:17:55.109Z] > git for-each-ref --sort -committerdate --format %(refname) %(objectname) %(*objectname) [22ms]
[2022-09-20T07:17:55.111Z] > git rev-parse --git-dir --git-common-dir [32ms]
[2022-09-20T07:17:55.114Z] [info] Open repository: /home/maryam/phase-0-html-document-structure-lab
[2022-09-20T07:17:55.152Z] > git status -z -uall [26ms]
[2022-09-20T07:17:55.159Z] > git rev-parse --show-toplevel [25ms]
[2022-09-20T07:17:55.159Z] fatal: not a git repository (or any of the parent directories): .git
[2022-09-20T07:17:55.162Z] > git symbolic-ref --short HEAD [4ms]
[2022-09-20T07:17:55.171Z] > git config --get commit.template [20ms]
[2022-09-20T07:17:55.180Z] > git config --get commit.template [37ms]
[2022-09-20T07:17:55.192Z] > git status -z -uall [12ms]
[2022-09-20T07:17:55.196Z] > git status -z -uall [10ms]
[2022-09-20T07:17:55.199Z] > git for-each-ref --format=%(refname)%00%(upstream:short)%00%(objectname)%00%(upstream:track)%00%(upstream:remotename)%00%(upstream:remoteref) refs/heads/master refs/remotes/master [28ms]
[2022-09-20T07:17:55.206Z] > git remote --verbose [2ms]
[2022-09-20T07:17:55.207Z] > git for-each-ref --sort -committerdate --format %(refname) %(objectname) %(*objectname) [5ms]
[2022-09-20T07:17:55.211Z] > git symbolic-ref --short HEAD [12ms]
[2022-09-20T07:17:55.214Z] > git symbolic-ref --short HEAD [19ms]
[2022-09-20T07:17:55.214Z] fatal: ref HEAD is not a symbolic ref
[2022-09-20T07:17:55.227Z] > git rev-parse HEAD [10ms]
[2022-09-20T07:17:55.234Z] > git for-each-ref --format=%(refname)%00%(upstream:short)%00%(objectname)%00%(upstream:track)%00%(upstream:remotename)%00%(upstream:remoteref) refs/heads/main refs/remotes/main [20ms]
[2022-09-20T07:17:55.241Z] > git remote --verbose [1ms]
[2022-09-20T07:17:55.241Z] > git for-each-ref --sort -committerdate --format %(refname) %(objectname) %(*objectname) [4ms]
[2022-09-20T07:17:55.242Z] > git remote --verbose [8ms]
[2022-09-20T07:17:55.243Z] > git for-each-ref --sort -committerdate --format %(refname) %(objectname) %(*objectname) [12ms]
[2022-09-20T07:17:55.243Z] > git config --get commit.template [17ms]
[2022-09-20T07:17:55.256Z] > git status -z -uall [9ms]
[2022-09-20T07:17:55.259Z] > git config --get commit.template [8ms]
[2022-09-20T07:17:55.264Z] > git status -z -uall [2ms]
[2022-09-20T07:17:55.267Z] > git symbolic-ref --short HEAD [8ms]
[2022-09-20T07:17:55.270Z] > git config --get commit.template [15ms]
[2022-09-20T07:17:55.272Z] > git for-each-ref --format=%(refname)%00%(upstream:short)%00%(objectname)%00%(upstream:track)%00%(upstream:remotename)%00%(upstream:remoteref) refs/heads/master refs/remotes/master [2ms]
[2022-09-20T07:17:55.282Z] > git symbolic-ref --short HEAD [15ms]
[2022-09-20T07:17:55.288Z] > git remote --verbose [6ms]
[2022-09-20T07:17:55.288Z] > git for-each-ref --sort -committerdate --format %(refname) %(objectname) %(*objectname) [12ms]
[2022-09-20T07:17:55.294Z] > git for-each-ref --format=%(refname)%00%(upstream:short)%00%(objectname)%00%(upstream:track)%00%(upstream:remotename)%00%(upstream:remoteref) refs/heads/main refs/remotes/main [7ms]
[2022-09-20T07:17:55.303Z] > git remote --verbose [1ms]
[2022-09-20T07:17:55.304Z] > git for-each-ref --sort -committerdate --format %(refname) %(objectname) %(*objectname) [5ms]
[2022-09-20T07:17:55.305Z] > git config --get commit.template [11ms]
[2022-09-20T07:17:55.309Z] > git config --get commit.template [1ms]
[2022-09-20T07:17:55.715Z] > git check-ignore -v -z --stdin [16ms]
[2022-09-20T07:17:55.715Z] > git check-ignore -v -z --stdin [5ms]
[2022-09-20T07:17:55.716Z] > git check-ignore -v -z --stdin [3ms]
[2022-09-20T07:17:56.049Z] > git fetch [1120ms]
[2022-09-20T07:17:56.064Z] > git status -z -uall [10ms]
[2022-09-20T07:17:56.068Z] > git symbolic-ref --short HEAD [1ms]
[2022-09-20T07:17:56.068Z] fatal: ref HEAD is not a symbolic ref
[2022-09-20T07:17:56.072Z] > git rev-parse HEAD [1ms]
[2022-09-20T07:17:56.080Z] > git for-each-ref --sort -committerdate --format %(refname) %(objectname) %(*objectname) [5ms]
[2022-09-20T07:17:56.081Z] > git remote --verbose [3ms]
[2022-09-20T07:17:56.088Z] > git config --get commit.template [1ms]
[2022-09-20T07:17:56.386Z] > git status -z -uall [2ms]
[2022-09-20T07:17:56.391Z] > git symbolic-ref --short HEAD [2ms]
[2022-09-20T07:17:56.397Z] > git for-each-ref --format=%(refname)%00%(upstream:short)%00%(objectname)%00%(upstream:track)%00%(upstream:remotename)%00%(upstream:remoteref) refs/heads/main refs/remotes/main [1ms]
[2022-09-20T07:17:56.414Z] > git remote --verbose [1ms]
[2022-09-20T07:17:56.415Z] > git for-each-ref --sort -committerdate --format %(refname) %(objectname) %(*objectname) [14ms]
[2022-09-20T07:17:56.421Z] > git config --get commit.template [0ms]
[2022-09-20T07:17:57.160Z] > git status -z -uall [9ms]
[2022-09-20T07:17:57.165Z] > git symbolic-ref --short HEAD [1ms]
[2022-09-20T07:17:57.165Z] fatal: ref HEAD is not a symbolic ref
[2022-09-20T07:17:57.170Z] > git rev-parse HEAD [1ms]
[2022-09-20T07:17:57.179Z] > git remote --verbose [2ms]
[2022-09-20T07:17:57.179Z] > git for-each-ref --sort -committerdate --format %(refname) %(objectname) %(*objectname) [6ms]
[2022-09-20T07:17:57.186Z] > git config --get commit.template [1ms]
[2022-09-20T07:18:00.418Z] > git fetch [5299ms]
[2022-09-20T07:18:00.423Z] > git status -z -uall [2ms]
[2022-09-20T07:18:00.427Z] > git symbolic-ref --short HEAD [0ms]
[2022-09-20T07:18:00.432Z] > git for-each-ref --format=%(refname)%00%(upstream:short)%00%(objectname)%00%(upstream:track)%00%(upstream:remotename)%00%(upstream:remoteref) refs/heads/master refs/remotes/master [1ms]
[2022-09-20T07:18:00.439Z] > git remote --verbose [1ms]
[2022-09-20T07:18:00.440Z] > git for-each-ref --sort -committerdate --format %(refname) %(objectname) %(*objectname) [5ms]
[2022-09-20T07:18:00.446Z] > git config --get commit.template [1ms]
[2022-09-20T07:18:01.803Z] > git check-ignore -v -z --stdin [1ms]
[2022-09-20T07:18:11.798Z] > git show --textconv :index.html [46ms]
[2022-09-20T07:18:11.799Z] > git ls-files --stage -- /home/maryam/phase-0-html-document-structure-lab/index.html [42ms]
[2022-09-20T07:18:11.813Z] > git cat-file -s 4ee34e565b001351951639c67fbe5c7b221a9b45 [8ms]
[2022-09-20T07:20:55.279Z] > git fetch [8ms]
[2022-09-20T07:20:55.285Z] > git status -z -uall [1ms]
[2022-09-20T07:20:55.291Z] > git symbolic-ref --short HEAD [1ms]
[2022-09-20T07:20:55.297Z] > git for-each-ref --format=%(refname)%00%(upstream:short)%00%(objectname)%00%(upstream:track)%00%(upstream:remotename)%00%(upstream:remoteref) refs/heads/main refs/remotes/main [1ms]
[2022-09-20T07:20:55.313Z] > git remote --verbose [1ms]
[2022-09-20T07:20:55.313Z] > git for-each-ref --sort -committerdate --format %(refname) %(objectname) %(*objectname) [9ms]
[2022-09-20T07:20:55.320Z] > git config --get commit.template [1ms]
[2022-09-20T07:20:56.390Z] > git status -z -uall [2ms]
[2022-09-20T07:20:56.396Z] > git symbolic-ref --short HEAD [2ms]
[2022-09-20T07:20:56.401Z] > git for-each-ref --format=%(refname)%00%(upstream:short)%00%(objectname)%00%(upstream:track)%00%(upstream:remotename)%00%(upstream:remoteref) refs/heads/main refs/remotes/main [1ms]
[2022-09-20T07:20:56.412Z] > git remote --verbose [4ms]
[2022-09-20T07:20:56.412Z] > git for-each-ref --sort -committerdate --format %(refname) %(objectname) %(*objectname) [7ms]
[2022-09-20T07:20:56.422Z] > git config --get commit.template [1ms]
[2022-09-20T07:20:56.910Z] > git fetch [812ms]
[2022-09-20T07:20:56.925Z] > git status -z -uall [12ms]
[2022-09-20T07:20:56.929Z] > git symbolic-ref --short HEAD [1ms]
[2022-09-20T07:20:56.929Z] fatal: ref HEAD is not a symbolic ref
[2022-09-20T07:20:56.934Z] > git rev-parse HEAD [1ms]
[2022-09-20T07:20:56.941Z] > git remote --verbose [1ms]
[2022-09-20T07:20:56.941Z] > git for-each-ref --sort -committerdate --format %(refname) %(objectname) %(*objectname) [4ms]
[2022-09-20T07:20:56.947Z] > git config --get commit.template [0ms]
[2022-09-20T07:20:58.030Z] > git status -z -uall [11ms]
[2022-09-20T07:20:58.033Z] > git symbolic-ref --short HEAD [1ms]
[2022-09-20T07:20:58.034Z] fatal: ref HEAD is not a symbolic ref
[2022-09-20T07:20:58.040Z] > git rev-parse HEAD [2ms]
[2022-09-20T07:20:58.049Z] > git remote --verbose [2ms]
[2022-09-20T07:20:58.049Z] > git for-each-ref --sort -committerdate --format %(refname) %(objectname) %(*objectname) [4ms]
[2022-09-20T07:20:58.056Z] > git config --get commit.template [2ms]
[2022-09-20T07:21:01.645Z] > git ls-files --stage -- /home/maryam/phase-0-html-document-structure-lab/index.html [3ms]
[2022-09-20T07:21:01.650Z] > git cat-file -s 4ee34e565b001351951639c67fbe5c7b221a9b45 [1ms]
[2022-09-20T07:21:01.663Z] > git show --textconv :index.html [2ms]
[2022-09-20T07:21:02.759Z] > git fetch [2303ms]
[2022-09-20T07:21:02.764Z] > git status -z -uall [2ms]
[2022-09-20T07:21:02.768Z] > git symbolic-ref --short HEAD [1ms]
[2022-09-20T07:21:02.773Z] > git for-each-ref --format=%(refname)%00%(upstream:short)%00%(objectname)%00%(upstream:track)%00%(upstream:remotename)%00%(upstream:remoteref) refs/heads/master refs/remotes/master [1ms]
[2022-09-20T07:21:02.781Z] > git remote --verbose [1ms]
[2022-09-20T07:21:02.782Z] > git for-each-ref --sort -committerdate --format %(refname) %(objectname) %(*objectname) [5ms]
[2022-09-20T07:21:02.790Z] > git config --get commit.template [1ms]
[2022-09-20T07:21:03.769Z] > git ls-files --stage -- /home/maryam/phase-0-html-document-structure-lab/index.html [2ms]
[2022-09-20T07:21:03.774Z] > git cat-file -s 4ee34e565b001351951639c67fbe5c7b221a9b45 [1ms]
[2022-09-20T07:21:03.789Z] > git show --textconv :index.html [2ms]
[2022-09-20T07:22:25.720Z] > git status -z -uall [3ms]
[2022-09-20T07:22:25.725Z] > git symbolic-ref --short HEAD [1ms]
[2022-09-20T07:22:25.732Z] > git for-each-ref --format=%(refname)%00%(upstream:short)%00%(objectname)%00%(upstream:track)%00%(upstream:remotename)%00%(upstream:remoteref) refs/heads/master refs/remotes/master [1ms]
[2022-09-20T07:22:25.742Z] > git remote --verbose [1ms]
[2022-09-20T07:22:25.742Z] > git for-each-ref --sort -committerdate --format %(refname) %(objectname) %(*objectname) [4ms]
[2022-09-20T07:22:25.756Z] > git config --get commit.template [1ms]
[2022-09-20T07:23:05.666Z] > git rev-parse --show-toplevel [1ms]
[2022-09-20T07:23:05.671Z] > git rev-parse --git-dir --git-common-dir [0ms]
[2022-09-20T07:23:05.679Z] [info] Open repository: /home/maryam
[2022-09-20T07:23:05.829Z] > git status -z -uall [145ms]
[2022-09-20T07:23:05.834Z] > git symbolic-ref --short HEAD [1ms]
[2022-09-20T07:23:05.840Z] > git for-each-ref --format=%(refname)%00%(upstream:short)%00%(objectname)%00%(upstream:track)%00%(upstream:remotename)%00%(upstream:remoteref) refs/heads/main refs/remotes/main [1ms]
[2022-09-20T07:23:05.849Z] > git remote --verbose [1ms]
[2022-09-20T07:23:05.850Z] > git for-each-ref --sort -committerdate --format %(refname) %(objectname) %(*objectname) [6ms]
[2022-09-20T07:23:05.905Z] > git config --get commit.template [2ms]
[2022-09-20T07:23:06.261Z] > git check-ignore -v -z --stdin [1ms]
[2022-09-20T07:27:18.351Z] > git status -z -uall [38ms]
[2022-09-20T07:27:18.358Z] > git status -z -uall [33ms]
[2022-09-20T07:27:18.368Z] > git status -z -uall [21ms]
[2022-09-20T07:27:18.377Z] > git fetch [92ms]
[2022-09-20T07:27:18.392Z] > git fetch [122ms]
[2022-09-20T07:27:18.394Z] > git status -z -uall [2ms]
[2022-09-20T07:27:18.410Z] > git symbolic-ref --short HEAD [34ms]
[2022-09-20T07:27:18.418Z] > git symbolic-ref --short HEAD [50ms]
[2022-09-20T07:27:18.418Z] fatal: ref HEAD is not a symbolic ref
[2022-09-20T07:27:18.424Z] > git symbolic-ref --short HEAD [66ms]
[2022-09-20T07:27:18.447Z] > git for-each-ref --format=%(refname)%00%(upstream:short)%00%(objectname)%00%(upstream:track)%00%(upstream:remotename)%00%(upstream:remoteref) refs/heads/main refs/remotes/main [10ms]
[2022-09-20T07:27:18.467Z] > git rev-parse HEAD [42ms]
[2022-09-20T07:27:18.479Z] > git for-each-ref --format=%(refname)%00%(upstream:short)%00%(objectname)%00%(upstream:track)%00%(upstream:remotename)%00%(upstream:remoteref) refs/heads/master refs/remotes/master [60ms]
[2022-09-20T07:27:18.491Z] > git symbolic-ref --short HEAD [81ms]
[2022-09-20T07:27:18.507Z] > git for-each-ref --format=%(refname)%00%(upstream:short)%00%(objectname)%00%(upstream:track)%00%(upstream:remotename)%00%(upstream:remoteref) refs/heads/main refs/remotes/main [8ms]
[2022-09-20T07:27:18.521Z] > git remote --verbose [31ms]
[2022-09-20T07:27:18.522Z] > git for-each-ref --sort -committerdate --format %(refname) %(objectname) %(*objectname) [38ms]
[2022-09-20T07:27:18.527Z] > git remote --verbose [49ms]
[2022-09-20T07:27:18.528Z] > git for-each-ref --sort -committerdate --format %(refname) %(objectname) %(*objectname) [56ms]
[2022-09-20T07:27:18.531Z] > git remote --verbose [66ms]
[2022-09-20T07:27:18.532Z] > git for-each-ref --sort -committerdate --format %(refname) %(objectname) %(*objectname) [74ms]
[2022-09-20T07:27:18.560Z] > git ls-files --stage -- /home/maryam/phase-0-html-document-structure-lab/index.html [114ms]
[2022-09-20T07:27:18.588Z] > git remote --verbose [67ms]
[2022-09-20T07:27:18.588Z] > git for-each-ref --sort -committerdate --format %(refname) %(objectname) %(*objectname) [71ms]
[2022-09-20T07:27:18.597Z] > git config --get commit.template [11ms]
[2022-09-20T07:27:18.612Z] > git config --get commit.template [32ms]
[2022-09-20T07:27:18.614Z] > git config --get commit.template [41ms]
[2022-09-20T07:27:18.615Z] > git cat-file -s 4ee34e565b001351951639c67fbe5c7b221a9b45 [50ms]
[2022-09-20T07:27:18.625Z] > git config --get commit.template [29ms]
[2022-09-20T07:27:18.645Z] > git status -z -uall [38ms]
[2022-09-20T07:27:18.652Z] > git show --textconv :index.html [15ms]
[2022-09-20T07:27:18.653Z] > git symbolic-ref --short HEAD [2ms]
[2022-09-20T07:27:18.661Z] > git for-each-ref --format=%(refname)%00%(upstream:short)%00%(objectname)%00%(upstream:track)%00%(upstream:remotename)%00%(upstream:remoteref) refs/heads/main refs/remotes/main [1ms]
[2022-09-20T07:27:18.676Z] > git remote --verbose [2ms]
[2022-09-20T07:27:18.676Z] > git for-each-ref --sort -committerdate --format %(refname) %(objectname) %(*objectname) [8ms]
[2022-09-20T07:27:18.684Z] > git config --get commit.template [0ms]
[2022-09-20T07:27:19.763Z] > git status -z -uall [2ms]
[2022-09-20T07:27:19.768Z] > git symbolic-ref --short HEAD [1ms]
[2022-09-20T07:27:19.774Z] > git for-each-ref --format=%(refname)%00%(upstream:short)%00%(objectname)%00%(upstream:track)%00%(upstream:remotename)%00%(upstream:remoteref) refs/heads/main refs/remotes/main [1ms]
[2022-09-20T07:27:19.784Z] > git remote --verbose [1ms]
[2022-09-20T07:27:19.785Z] > git for-each-ref --sort -committerdate --format %(refname) %(objectname) %(*objectname) [5ms]
[2022-09-20T07:27:19.792Z] > git config --get commit.template [1ms]
[2022-09-20T07:27:19.868Z] > git ls-files --stage -- /home/maryam/phase-0-html-document-structure-lab/index.html [1ms]
[2022-09-20T07:27:19.875Z] > git cat-file -s 4ee34e565b001351951639c67fbe5c7b221a9b45 [0ms]
[2022-09-20T07:27:19.894Z] > git show --textconv :index.html [2ms]
[2022-09-20T07:27:20.647Z] > git fetch [2347ms]
[2022-09-20T07:27:20.653Z] > git status -z -uall [1ms]
[2022-09-20T07:27:20.660Z] > git symbolic-ref --short HEAD [1ms]
[2022-09-20T07:27:20.666Z] > git for-each-ref --format=%(refname)%00%(upstream:short)%00%(objectname)%00%(upstream:track)%00%(upstream:remotename)%00%(upstream:remoteref) refs/heads/master refs/remotes/master [1ms]
[2022-09-20T07:27:20.678Z] > git remote --verbose [1ms]
[2022-09-20T07:27:20.678Z] > git for-each-ref --sort -committerdate --format %(refname) %(objectname) %(*objectname) [7ms]
[2022-09-20T07:27:20.686Z] > git config --get commit.template [1ms]
[2022-09-20T07:27:21.653Z] > git ls-files --stage -- /home/maryam/phase-0-html-document-structure-lab/index.html [1ms]
[2022-09-20T07:27:21.659Z] > git cat-file -s 4ee34e565b001351951639c67fbe5c7b221a9b45 [1ms]
[2022-09-20T07:27:21.710Z] > git show --textconv :index.html [1ms]
[2022-09-20T07:27:22.254Z] > git fetch [3960ms]
[2022-09-20T07:27:22.263Z] > git status -z -uall [3ms]
[2022-09-20T07:27:22.272Z] > git symbolic-ref --short HEAD [2ms]
[2022-09-20T07:27:22.272Z] fatal: ref HEAD is not a symbolic ref
[2022-09-20T07:27:22.279Z] > git rev-parse HEAD [1ms]
[2022-09-20T07:27:22.297Z] > git for-each-ref --sort -committerdate --format %(refname) %(objectname) %(*objectname) [9ms]
[2022-09-20T07:27:22.297Z] > git remote --verbose [2ms]
[2022-09-20T07:27:22.310Z] > git config --get commit.template [1ms]
[2022-09-20T07:27:23.624Z] > git status -z -uall [3ms]
[2022-09-20T07:27:23.630Z] > git symbolic-ref --short HEAD [1ms]
[2022-09-20T07:27:23.630Z] fatal: ref HEAD is not a symbolic ref
[2022-09-20T07:27:23.636Z] > git rev-parse HEAD [1ms]
[2022-09-20T07:27:23.647Z] > git status -z -uall [32ms]
[2022-09-20T07:27:23.655Z] > git remote --verbose [9ms]
[2022-09-20T07:27:23.655Z] > git for-each-ref --sort -committerdate --format %(refname) %(objectname) %(*objectname) [13ms]
[2022-09-20T07:27:23.662Z] > git symbolic-ref --short HEAD [8ms]
[2022-09-20T07:27:23.667Z] > git config --get commit.template [5ms]
[2022-09-20T07:27:23.668Z] > git for-each-ref --format=%(refname)%00%(upstream:short)%00%(objectname)%00%(upstream:track)%00%(upstream:remotename)%00%(upstream:remoteref) refs/heads/main refs/remotes/main [2ms]
[2022-09-20T07:27:23.677Z] > git remote --verbose [2ms]
[2022-09-20T07:27:23.678Z] > git for-each-ref --sort -committerdate --format %(refname) %(objectname) %(*objectname) [7ms]
[2022-09-20T07:27:23.685Z] > git config --get commit.template [0ms]
[2022-09-20T07:27:28.714Z] > git status -z -uall [19ms]
[2022-09-20T07:27:28.719Z] > git symbolic-ref --short HEAD [1ms]
[2022-09-20T07:27:28.725Z] > git for-each-ref --format=%(refname)%00%(upstream:short)%00%(objectname)%00%(upstream:track)%00%(upstream:remotename)%00%(upstream:remoteref) refs/heads/main refs/remotes/main [1ms]
[2022-09-20T07:27:28.733Z] > git remote --verbose [2ms]
[2022-09-20T07:27:28.733Z] > git for-each-ref --sort -committerdate --format %(refname) %(objectname) %(*objectname) [4ms]
[2022-09-20T07:27:28.738Z] > git config --get commit.template [1ms]
[2022-09-20T07:27:31.383Z] > git ls-files --stage -- /home/maryam/phase-0-html-document-structure-lab/index.html [1ms]
[2022-09-20T07:27:31.389Z] > git cat-file -s 4ee34e565b001351951639c67fbe5c7b221a9b45 [1ms]
[2022-09-20T07:27:31.402Z] > git show --textconv :index.html [2ms]
[2022-09-20T07:27:33.766Z] > git status -z -uall [19ms]
[2022-09-20T07:27:33.770Z] > git symbolic-ref --short HEAD [1ms]
[2022-09-20T07:27:33.778Z] > git for-each-ref --format=%(refname)%00%(upstream:short)%00%(objectname)%00%(upstream:track)%00%(upstream:remotename)%00%(upstream:remoteref) refs/heads/main refs/remotes/main [1ms]
[2022-09-20T07:27:33.791Z] > git remote --verbose [4ms]
[2022-09-20T07:27:33.791Z] > git for-each-ref --sort -committerdate --format %(refname) %(objectname) %(*objectname) [8ms]
[2022-09-20T07:27:33.800Z] > git config --get commit.template [1ms]
[2022-09-20T07:27:38.830Z] > git status -z -uall [17ms]
[2022-09-20T07:27:38.834Z] > git symbolic-ref --short HEAD [1ms]
[2022-09-20T07:27:38.839Z] > git for-each-ref --format=%(refname)%00%(upstream:short)%00%(objectname)%00%(upstream:track)%00%(upstream:remotename)%00%(upstream:remoteref) refs/heads/main refs/remotes/main [1ms]
[2022-09-20T07:27:38.848Z] > git remote --verbose [2ms]
[2022-09-20T07:27:38.848Z] > git for-each-ref --sort -committerdate --format %(refname) %(objectname) %(*objectname) [5ms]
[2022-09-20T07:27:38.854Z] > git config --get commit.template [0ms]
[2022-09-20T07:27:43.879Z] > git status -z -uall [18ms]
[2022-09-20T07:27:43.883Z] > git symbolic-ref --short HEAD [1ms]
[2022-09-20T07:27:43.889Z] > git for-each-ref --format=%(refname)%00%(upstream:short)%00%(objectname)%00%(upstream:track)%00%(upstream:remotename)%00%(upstream:remoteref) refs/heads/main refs/remotes/main [0ms]
[2022-09-20T07:27:43.897Z] > git remote --verbose [1ms]
[2022-09-20T07:27:43.897Z] > git for-each-ref --sort -committerdate --format %(refname) %(objectname) %(*objectname) [4ms]
[2022-09-20T07:27:43.906Z] > git config --get commit.template [0ms]
[2022-09-20T07:27:48.930Z] > git status -z -uall [18ms]
[2022-09-20T07:27:48.935Z] > git symbolic-ref --short HEAD [1ms]
[2022-09-20T07:27:48.941Z] > git for-each-ref --format=%(refname)%00%(upstream:short)%00%(objectname)%00%(upstream:track)%00%(upstream:remotename)%00%(upstream:remoteref) refs/heads/main refs/remotes/main [1ms]
[2022-09-20T07:27:48.956Z] > git for-each-ref --sort -committerdate --format %(refname) %(objectname) %(*objectname) [8ms]
[2022-09-20T07:27:48.956Z] > git remote --verbose [1ms]
[2022-09-20T07:27:48.966Z] > git config --get commit.template [1ms]
[2022-09-20T07:27:53.994Z] > git status -z -uall [20ms]
[2022-09-20T07:27:53.998Z] > git symbolic-ref --short HEAD [1ms]
[2022-09-20T07:27:54.004Z] > git for-each-ref --format=%(refname)%00%(upstream:short)%00%(objectname)%00%(upstream:track)%00%(upstream:remotename)%00%(upstream:remoteref) refs/heads/main refs/remotes/main [1ms]
[2022-09-20T07:27:54.011Z] > git remote --verbose [1ms]
[2022-09-20T07:27:54.012Z] > git for-each-ref --sort -committerdate --format %(refname) %(objectname) %(*objectname) [5ms]
[2022-09-20T07:27:54.018Z] > git config --get commit.template [1ms]
[2022-09-20T07:27:59.047Z] > git status -z -uall [19ms]
[2022-09-20T07:27:59.051Z] > git symbolic-ref --short HEAD [1ms]
[2022-09-20T07:27:59.057Z] > git for-each-ref --format=%(refname)%00%(upstream:short)%00%(objectname)%00%(upstream:track)%00%(upstream:remotename)%00%(upstream:remoteref) refs/heads/main refs/remotes/main [1ms]
[2022-09-20T07:27:59.066Z] > git remote --verbose [1ms]
[2022-09-20T07:27:59.066Z] > git for-each-ref --sort -committerdate --format %(refname) %(objectname) %(*objectname) [5ms]
[2022-09-20T07:27:59.075Z] > git config --get commit.template [1ms]
[2022-09-20T07:28:04.105Z] > git status -z -uall [19ms]
[2022-09-20T07:28:04.111Z] > git symbolic-ref --short HEAD [1ms]
[2022-09-20T07:28:04.117Z] > git for-each-ref --format=%(refname)%00%(upstream:short)%00%(objectname)%00%(upstream:track)%00%(upstream:remotename)%00%(upstream:remoteref) refs/heads/main refs/remotes/main [1ms]
[2022-09-20T07:28:04.126Z] > git remote --verbose [2ms]
[2022-09-20T07:28:04.126Z] > git for-each-ref --sort -committerdate --format %(refname) %(objectname) %(*objectname) [6ms]
[2022-09-20T07:28:04.132Z] > git config --get commit.template [0ms]
[2022-09-20T07:28:09.159Z] > git status -z -uall [18ms]
[2022-09-20T07:28:09.164Z] > git symbolic-ref --short HEAD [1ms]
[2022-09-20T07:28:09.169Z] > git for-each-ref --format=%(refname)%00%(upstream:short)%00%(objectname)%00%(upstream:track)%00%(upstream:remotename)%00%(upstream:remoteref) refs/heads/main refs/remotes/main [1ms]
[2022-09-20T07:28:09.178Z] > git remote --verbose [2ms]
[2022-09-20T07:28:09.178Z] > git for-each-ref --sort -committerdate --format %(refname) %(objectname) %(*objectname) [5ms]
[2022-09-20T07:28:09.186Z] > git config --get commit.template [1ms]
[2022-09-20T07:28:14.215Z] > git status -z -uall [20ms]
[2022-09-20T07:28:14.219Z] > git symbolic-ref --short HEAD [1ms]
[2022-09-20T07:28:14.224Z] > git for-each-ref --format=%(refname)%00%(upstream:short)%00%(objectname)%00%(upstream:track)%00%(upstream:remotename)%00%(upstream:remoteref) refs/heads/main refs/remotes/main [1ms]
[2022-09-20T07:28:14.233Z] > git remote --verbose [1ms]
[2022-09-20T07:28:14.233Z] > git for-each-ref --sort -committerdate --format %(refname) %(objectname) %(*objectname) [5ms]
[2022-09-20T07:28:14.238Z] > git config --get commit.template [1ms]
[2022-09-20T07:28:19.265Z] > git status -z -uall [19ms]
[2022-09-20T07:28:19.270Z] > git symbolic-ref --short HEAD [2ms]
[2022-09-20T07:28:19.275Z] > git for-each-ref --format=%(refname)%00%(upstream:short)%00%(objectname)%00%(upstream:track)%00%(upstream:remotename)%00%(upstream:remoteref) refs/heads/main refs/remotes/main [1ms]
[2022-09-20T07:28:19.283Z] > git remote --verbose [1ms]
[2022-09-20T07:28:19.283Z] > git for-each-ref --sort -committerdate --format %(refname) %(objectname) %(*objectname) [4ms]
[2022-09-20T07:28:19.290Z] > git config --get commit.template [1ms]
[2022-09-20T07:28:24.318Z] > git status -z -uall [20ms]
[2022-09-20T07:28:24.322Z] > git symbolic-ref --short HEAD [1ms]
[2022-09-20T07:28:24.328Z] > git for-each-ref --format=%(refname)%00%(upstream:short)%00%(objectname)%00%(upstream:track)%00%(upstream:remotename)%00%(upstream:remoteref) refs/heads/main refs/remotes/main [2ms]
[2022-09-20T07:28:24.338Z] > git remote --verbose [2ms]
[2022-09-20T07:28:24.338Z] > git for-each-ref --sort -committerdate --format %(refname) %(objectname) %(*objectname) [6ms]
[2022-09-20T07:28:24.345Z] > git config --get commit.template [1ms]
[2022-09-20T07:28:29.373Z] > git status -z -uall [18ms]
[2022-09-20T07:28:29.378Z] > git symbolic-ref --short HEAD [1ms]
[2022-09-20T07:28:29.383Z] > git for-each-ref --format=%(refname)%00%(upstream:short)%00%(objectname)%00%(upstream:track)%00%(upstream:remotename)%00%(upstream:remoteref) refs/heads/main refs/remotes/main [1ms]
[2022-09-20T07:28:29.392Z] > git remote --verbose [2ms]
[2022-09-20T07:28:29.392Z] > git for-each-ref --sort -committerdate --format %(refname) %(objectname) %(*objectname) [5ms]
[2022-09-20T07:28:29.399Z] > git config --get commit.template [1ms]
[2022-09-20T07:28:52.362Z] > git status -z -uall [23ms]
[2022-09-20T07:28:52.367Z] > git symbolic-ref --short HEAD [1ms]
[2022-09-20T07:28:52.372Z] > git for-each-ref --format=%(refname)%00%(upstream:short)%00%(objectname)%00%(upstream:track)%00%(upstream:remotename)%00%(upstream:remoteref) refs/heads/main refs/remotes/main [0ms]
[2022-09-20T07:28:52.380Z] > git remote --verbose [0ms]
[2022-09-20T07:28:52.380Z] > git for-each-ref --sort -committerdate --format %(refname) %(objectname) %(*objectname) [4ms]
[2022-09-20T07:28:52.388Z] > git config --get commit.template [1ms]
[2022-09-20T07:28:57.414Z] > git status -z -uall [18ms]
[2022-09-20T07:28:57.419Z] > git symbolic-ref --short HEAD [1ms]
[2022-09-20T07:28:57.425Z] > git for-each-ref --format=%(refname)%00%(upstream:short)%00%(objectname)%00%(upstream:track)%00%(upstream:remotename)%00%(upstream:remoteref) refs/heads/main refs/remotes/main [1ms]
[2022-09-20T07:28:57.433Z] > git remote --verbose [1ms]
[2022-09-20T07:28:57.433Z] > git for-each-ref --sort -committerdate --format %(refname) %(objectname) %(*objectname) [5ms]
[2022-09-20T07:28:57.442Z] > git config --get commit.template [1ms]
[2022-09-20T07:28:59.985Z] > git ls-files --stage -- /home/maryam/phase-0-html-document-structure-lab/index.html [2ms]
[2022-09-20T07:28:59.990Z] > git cat-file -s 4ee34e565b001351951639c67fbe5c7b221a9b45 [0ms]
[2022-09-20T07:29:00.003Z] > git show --textconv :index.html [3ms]
[2022-09-20T07:29:02.469Z] > git status -z -uall [19ms]
[2022-09-20T07:29:02.475Z] > git symbolic-ref --short HEAD [2ms]
[2022-09-20T07:29:02.480Z] > git for-each-ref --format=%(refname)%00%(upstream:short)%00%(objectname)%00%(upstream:track)%00%(upstream:remotename)%00%(upstream:remoteref) refs/heads/main refs/remotes/main [1ms]
[2022-09-20T07:29:02.489Z] > git remote --verbose [1ms]
[2022-09-20T07:29:02.489Z] > git for-each-ref --sort -committerdate --format %(refname) %(objectname) %(*objectname) [4ms]
[2022-09-20T07:29:02.502Z] > git config --get commit.template [1ms]
[2022-09-20T07:29:07.533Z] > git status -z -uall [18ms]
[2022-09-20T07:29:07.538Z] > git symbolic-ref --short HEAD [1ms]
[2022-09-20T07:29:07.544Z] > git for-each-ref --format=%(refname)%00%(upstream:short)%00%(objectname)%00%(upstream:track)%00%(upstream:remotename)%00%(upstream:remoteref) refs/heads/main refs/remotes/main [1ms]
[2022-09-20T07:29:07.556Z] > git remote --verbose [1ms]
[2022-09-20T07:29:07.557Z] > git for-each-ref --sort -committerdate --format %(refname) %(objectname) %(*objectname) [9ms]
[2022-09-20T07:29:07.568Z] > git config --get commit.template [2ms]
[2022-09-20T07:29:12.593Z] > git status -z -uall [18ms]
[2022-09-20T07:29:12.597Z] > git symbolic-ref --short HEAD [1ms]
[2022-09-20T07:29:12.605Z] > git for-each-ref --format=%(refname)%00%(upstream:short)%00%(objectname)%00%(upstream:track)%00%(upstream:remotename)%00%(upstream:remoteref) refs/heads/main refs/remotes/main [1ms]
[2022-09-20T07:29:12.614Z] > git remote --verbose [1ms]
[2022-09-20T07:29:12.614Z] > git for-each-ref --sort -committerdate --format %(refname) %(objectname) %(*objectname) [5ms]
[2022-09-20T07:29:12.624Z] > git config --get commit.template [1ms]
[2022-09-20T07:29:17.651Z] > git status -z -uall [18ms]
[2022-09-20T07:29:17.657Z] > git symbolic-ref --short HEAD [3ms]
[2022-09-20T07:29:17.662Z] > git for-each-ref --format=%(refname)%00%(upstream:short)%00%(objectname)%00%(upstream:track)%00%(upstream:remotename)%00%(upstream:remoteref) refs/heads/main refs/remotes/main [1ms]
[2022-09-20T07:29:17.671Z] > git remote --verbose [1ms]
[2022-09-20T07:29:17.671Z] > git for-each-ref --sort -committerdate --format %(refname) %(objectname) %(*objectname) [5ms]
[2022-09-20T07:29:17.678Z] > git config --get commit.template [1ms]
[2022-09-20T07:29:22.707Z] > git status -z -uall [19ms]
[2022-09-20T07:29:22.711Z] > git symbolic-ref --short HEAD [0ms]
[2022-09-20T07:29:22.718Z] > git for-each-ref --format=%(refname)%00%(upstream:short)%00%(objectname)%00%(upstream:track)%00%(upstream:remotename)%00%(upstream:remoteref) refs/heads/main refs/remotes/main [1ms]
[2022-09-20T07:29:22.728Z] > git remote --verbose [1ms]
[2022-09-20T07:29:22.728Z] > git for-each-ref --sort -committerdate --format %(refname) %(objectname) %(*objectname) [6ms]
[2022-09-20T07:29:22.735Z] > git config --get commit.template [1ms]
[2022-09-20T07:29:28.604Z] > git status -z -uall [25ms]
[2022-09-20T07:29:28.609Z] > git symbolic-ref --short HEAD [2ms]
[2022-09-20T07:29:28.613Z] > git for-each-ref --format=%(refname)%00%(upstream:short)%00%(objectname)%00%(upstream:track)%00%(upstream:remotename)%00%(upstream:remoteref) refs/heads/main refs/remotes/main [1ms]
[2022-09-20T07:29:28.624Z] > git remote --verbose [1ms]
[2022-09-20T07:29:28.624Z] > git for-each-ref --sort -committerdate --format %(refname) %(objectname) %(*objectname) [5ms]
[2022-09-20T07:29:28.630Z] > git config --get commit.template [1ms]
[2022-09-20T07:29:33.659Z] > git status -z -uall [20ms]
[2022-09-20T07:29:33.665Z] > git symbolic-ref --short HEAD [1ms]
[2022-09-20T07:29:33.671Z] > git for-each-ref --format=%(refname)%00%(upstream:short)%00%(objectname)%00%(upstream:track)%00%(upstream:remotename)%00%(upstream:remoteref) refs/heads/main refs/remotes/main [1ms]
[2022-09-20T07:29:33.681Z] > git remote --verbose [1ms]
[2022-09-20T07:29:33.681Z] > git for-each-ref --sort -committerdate --format %(refname) %(objectname) %(*objectname) [6ms]
[2022-09-20T07:29:33.689Z] > git config --get commit.template [1ms]
[2022-09-20T07:29:38.719Z] > git status -z -uall [20ms]
[2022-09-20T07:29:38.724Z] > git symbolic-ref --short HEAD [2ms]
[2022-09-20T07:29:38.729Z] > git for-each-ref --format=%(refname)%00%(upstream:short)%00%(objectname)%00%(upstream:track)%00%(upstream:remotename)%00%(upstream:remoteref) refs/heads/main refs/remotes/main [1ms]
[2022-09-20T07:29:38.737Z] > git remote --verbose [1ms]
[2022-09-20T07:29:38.738Z] > git for-each-ref --sort -committerdate --format %(refname) %(objectname) %(*objectname) [5ms]
[2022-09-20T07:29:38.745Z] > git config --get commit.template [0ms]
[2022-09-20T07:29:43.771Z] > git status -z -uall [20ms]
[2022-09-20T07:29:43.776Z] > git symbolic-ref --short HEAD [1ms]
[2022-09-20T07:29:43.782Z] > git for-each-ref --format=%(refname)%00%(upstream:short)%00%(objectname)%00%(upstream:track)%00%(upstream:remotename)%00%(upstream:remoteref) refs/heads/main refs/remotes/main [1ms]
[2022-09-20T07:29:43.792Z] > git remote --verbose [1ms]
[2022-09-20T07:29:43.792Z] > git for-each-ref --sort -committerdate --format %(refname) %(objectname) %(*objectname) [5ms]
[2022-09-20T07:29:43.802Z] > git config --get commit.template [4ms]
[2022-09-20T07:29:48.832Z] > git status -z -uall [20ms]
[2022-09-20T07:29:48.837Z] > git symbolic-ref --short HEAD [1ms]
[2022-09-20T07:29:48.842Z] > git for-each-ref --format=%(refname)%00%(upstream:short)%00%(objectname)%00%(upstream:track)%00%(upstream:remotename)%00%(upstream:remoteref) refs/heads/main refs/remotes/main [1ms]
[2022-09-20T07:29:48.851Z] > git remote --verbose [2ms]
[2022-09-20T07:29:48.851Z] > git for-each-ref --sort -committerdate --format %(refname) %(objectname) %(*objectname) [5ms]
[2022-09-20T07:29:48.861Z] > git config --get commit.template [3ms]
[2022-09-20T07:29:53.892Z] > git status -z -uall [21ms]
[2022-09-20T07:29:53.898Z] > git symbolic-ref --short HEAD [1ms]
[2022-09-20T07:29:53.904Z] > git for-each-ref --format=%(refname)%00%(upstream:short)%00%(objectname)%00%(upstream:track)%00%(upstream:remotename)%00%(upstream:remoteref) refs/heads/main refs/remotes/main [1ms]
[2022-09-20T07:29:53.915Z] > git for-each-ref --sort -committerdate --format %(refname) %(objectname) %(*objectname) [6ms]
[2022-09-20T07:29:53.915Z] > git remote --verbose [1ms]
[2022-09-20T07:29:53.928Z] > git config --get commit.template [5ms]
[2022-09-20T07:29:58.956Z] > git status -z -uall [18ms]
[2022-09-20T07:29:58.963Z] > git symbolic-ref --short HEAD [1ms]
[2022-09-20T07:29:58.969Z] > git for-each-ref --format=%(refname)%00%(upstream:short)%00%(objectname)%00%(upstream:track)%00%(upstream:remotename)%00%(upstream:remoteref) refs/heads/main refs/remotes/main [1ms]
[2022-09-20T07:29:58.977Z] > git remote --verbose [1ms]
[2022-09-20T07:29:58.977Z] > git for-each-ref --sort -committerdate --format %(refname) %(objectname) %(*objectname) [5ms]
[2022-09-20T07:29:58.988Z] > git config --get commit.template [1ms]
[2022-09-20T07:30:04.018Z] > git status -z -uall [22ms]
[2022-09-20T07:30:04.022Z] > git symbolic-ref --short HEAD [1ms]
[2022-09-20T07:30:04.028Z] > git for-each-ref --format=%(refname)%00%(upstream:short)%00%(objectname)%00%(upstream:track)%00%(upstream:remotename)%00%(upstream:remoteref) refs/heads/main refs/remotes/main [1ms]
[2022-09-20T07:30:04.040Z] > git remote --verbose [2ms]
[2022-09-20T07:30:04.040Z] > git for-each-ref --sort -committerdate --format %(refname) %(objectname) %(*objectname) [6ms]
[2022-09-20T07:30:04.051Z] > git config --get commit.template [2ms]
[2022-09-20T07:30:09.078Z] > git status -z -uall [18ms]
[2022-09-20T07:30:09.083Z] > git symbolic-ref --short HEAD [1ms]
[2022-09-20T07:30:09.088Z] > git for-each-ref --format=%(refname)%00%(upstream:short)%00%(objectname)%00%(upstream:track)%00%(upstream:remotename)%00%(upstream:remoteref) refs/heads/main refs/remotes/main [1ms]
[2022-09-20T07:30:09.102Z] > git for-each-ref --sort -committerdate --format %(refname) %(objectname) %(*objectname) [10ms]
[2022-09-20T07:30:09.103Z] > git remote --verbose [3ms]
[2022-09-20T07:30:09.113Z] > git config --get commit.template [1ms]
[2022-09-20T07:30:14.140Z] > git status -z -uall [18ms]
[2022-09-20T07:30:14.144Z] > git symbolic-ref --short HEAD [1ms]
[2022-09-20T07:30:14.149Z] > git for-each-ref --format=%(refname)%00%(upstream:short)%00%(objectname)%00%(upstream:track)%00%(upstream:remotename)%00%(upstream:remoteref) refs/heads/main refs/remotes/main [1ms]
[2022-09-20T07:30:14.161Z] > git for-each-ref --sort -committerdate --format %(refname) %(objectname) %(*objectname) [7ms]
[2022-09-20T07:30:14.162Z] > git remote --verbose [2ms]
[2022-09-20T07:30:14.169Z] > git config --get commit.template [1ms]
[2022-09-20T07:30:44.257Z] > git fetch [67ms]
[2022-09-20T07:30:44.258Z] > git fetch [84ms]
[2022-09-20T07:30:44.293Z] > git status -z -uall [8ms]
[2022-09-20T07:30:44.312Z] > git symbolic-ref --short HEAD [3ms]
[2022-09-20T07:30:44.327Z] > git status -z -uall [75ms]
[2022-09-20T07:30:44.343Z] > git symbolic-ref --short HEAD [1ms]
[2022-09-20T07:30:44.358Z] > git for-each-ref --format=%(refname)%00%(upstream:short)%00%(objectname)%00%(upstream:track)%00%(upstream:remotename)%00%(upstream:remoteref) refs/heads/main refs/remotes/main [32ms]
[2022-09-20T07:30:44.382Z] > git remote --verbose [2ms]
[2022-09-20T07:30:44.384Z] > git for-each-ref --sort -committerdate --format %(refname) %(objectname) %(*objectname) [15ms]
[2022-09-20T07:30:44.387Z] > git for-each-ref --format=%(refname)%00%(upstream:short)%00%(objectname)%00%(upstream:track)%00%(upstream:remotename)%00%(upstream:remoteref) refs/heads/main refs/remotes/main [30ms]
[2022-09-20T07:30:44.408Z] > git remote --verbose [8ms]
[2022-09-20T07:30:44.408Z] > git for-each-ref --sort -committerdate --format %(refname) %(objectname) %(*objectname) [17ms]
[2022-09-20T07:30:44.420Z] > git config --get commit.template [13ms]
[2022-09-20T07:30:44.421Z] > git config --get commit.template [2ms]
[2022-09-20T07:30:44.448Z] > git status -z -uall [21ms]
[2022-09-20T07:30:44.455Z] > git symbolic-ref --short HEAD [2ms]
[2022-09-20T07:30:44.460Z] > git for-each-ref --format=%(refname)%00%(upstream:short)%00%(objectname)%00%(upstream:track)%00%(upstream:remotename)%00%(upstream:remoteref) refs/heads/main refs/remotes/main [1ms]
[2022-09-20T07:30:44.481Z] > git for-each-ref --sort -committerdate --format %(refname) %(objectname) %(*objectname) [12ms]
[2022-09-20T07:30:44.481Z] > git remote --verbose [2ms]
[2022-09-20T07:30:44.488Z] > git config --get commit.template [1ms]
[2022-09-20T07:30:45.713Z] > git status -z -uall [4ms]
[2022-09-20T07:30:45.735Z] > git symbolic-ref --short HEAD [11ms]
[2022-09-20T07:30:45.741Z] > git ls-files --stage -- /home/maryam/phase-0-html-document-structure-lab/index.html [8ms]
[2022-09-20T07:30:45.752Z] > git for-each-ref --format=%(refname)%00%(upstream:short)%00%(objectname)%00%(upstream:track)%00%(upstream:remotename)%00%(upstream:remoteref) refs/heads/main refs/remotes/main [12ms]
[2022-09-20T07:30:45.765Z] > git for-each-ref --sort -committerdate --format %(refname) %(objectname) %(*objectname) [8ms]
[2022-09-20T07:30:45.765Z] > git cat-file -s 4ee34e565b001351951639c67fbe5c7b221a9b45 [16ms]
[2022-09-20T07:30:45.768Z] > git remote --verbose [5ms]
[2022-09-20T07:30:45.789Z] > git config --get commit.template [8ms]
[2022-09-20T07:30:45.790Z] > git show --textconv :index.html [2ms]
[2022-09-20T07:30:46.542Z] > git fetch [2344ms]
[2022-09-20T07:30:46.548Z] > git status -z -uall [0ms]
[2022-09-20T07:30:46.553Z] > git symbolic-ref --short HEAD [1ms]
[2022-09-20T07:30:46.559Z] > git for-each-ref --format=%(refname)%00%(upstream:short)%00%(objectname)%00%(upstream:track)%00%(upstream:remotename)%00%(upstream:remoteref) refs/heads/master refs/remotes/master [1ms]
[2022-09-20T07:30:46.569Z] > git for-each-ref --sort -committerdate --format %(refname) %(objectname) %(*objectname) [5ms]
[2022-09-20T07:30:46.569Z] > git remote --verbose [2ms]
[2022-09-20T07:30:46.580Z] > git config --get commit.template [2ms]
[2022-09-20T07:30:47.562Z] > git ls-files --stage -- /home/maryam/phase-0-html-document-structure-lab/index.html [1ms]
[2022-09-20T07:30:47.568Z] > git cat-file -s 4ee34e565b001351951639c67fbe5c7b221a9b45 [1ms]
[2022-09-20T07:30:47.620Z] > git show --textconv :index.html [1ms]
[2022-09-20T07:30:48.155Z] > git fetch [3942ms]
[2022-09-20T07:30:48.162Z] > git status -z -uall [3ms]
[2022-09-20T07:30:48.167Z] > git symbolic-ref --short HEAD [1ms]
[2022-09-20T07:30:48.167Z] fatal: ref HEAD is not a symbolic ref
[2022-09-20T07:30:48.172Z] > git rev-parse HEAD [1ms]
[2022-09-20T07:30:48.184Z] > git remote --verbose [2ms]
[2022-09-20T07:30:48.185Z] > git for-each-ref --sort -committerdate --format %(refname) %(objectname) %(*objectname) [8ms]
[2022-09-20T07:30:48.192Z] > git config --get commit.template [2ms]
[2022-09-20T07:30:49.269Z] > git status -z -uall [4ms]
[2022-09-20T07:30:49.274Z] > git symbolic-ref --short HEAD [1ms]
[2022-09-20T07:30:49.274Z] fatal: ref HEAD is not a symbolic ref
[2022-09-20T07:30:49.279Z] > git rev-parse HEAD [1ms]
[2022-09-20T07:30:49.287Z] > git remote --verbose [1ms]
[2022-09-20T07:30:49.287Z] > git for-each-ref --sort -committerdate --format %(refname) %(objectname) %(*objectname) [5ms]
[2022-09-20T07:30:49.294Z] > git config --get commit.template [1ms]
[2022-09-20T07:30:49.455Z] > git status -z -uall [18ms]
[2022-09-20T07:30:49.461Z] > git symbolic-ref --short HEAD [1ms]
[2022-09-20T07:30:49.466Z] > git for-each-ref --format=%(refname)%00%(upstream:short)%00%(objectname)%00%(upstream:track)%00%(upstream:remotename)%00%(upstream:remoteref) refs/heads/main refs/remotes/main [0ms]
[2022-09-20T07:30:49.475Z] > git remote --verbose [1ms]
[2022-09-20T07:30:49.475Z] > git for-each-ref --sort -committerdate --format %(refname) %(objectname) %(*objectname) [5ms]
[2022-09-20T07:30:49.480Z] > git config --get commit.template [1ms]
[2022-09-20T07:30:54.513Z] > git status -z -uall [21ms]
[2022-09-20T07:30:54.518Z] > git symbolic-ref --short HEAD [1ms]
[2022-09-20T07:30:54.524Z] > git for-each-ref --format=%(refname)%00%(upstream:short)%00%(objectname)%00%(upstream:track)%00%(upstream:remotename)%00%(upstream:remoteref) refs/heads/main refs/remotes/main [0ms]
[2022-09-20T07:30:54.532Z] > git remote --verbose [1ms]
[2022-09-20T07:30:54.533Z] > git for-each-ref --sort -committerdate --format %(refname) %(objectname) %(*objectname) [5ms]
[2022-09-20T07:30:54.541Z] > git config --get commit.template [0ms]
[2022-09-20T07:30:59.570Z] > git status -z -uall [19ms]
[2022-09-20T07:30:59.574Z] > git symbolic-ref --short HEAD [1ms]
[2022-09-20T07:30:59.581Z] > git for-each-ref --format=%(refname)%00%(upstream:short)%00%(objectname)%00%(upstream:track)%00%(upstream:remotename)%00%(upstream:remoteref) refs/heads/main refs/remotes/main [1ms]
[2022-09-20T07:30:59.589Z] > git remote --verbose [2ms]
[2022-09-20T07:30:59.589Z] > git for-each-ref --sort -committerdate --format %(refname) %(objectname) %(*objectname) [5ms]
[2022-09-20T07:30:59.596Z] > git config --get commit.template [1ms]
[2022-09-20T07:31:04.623Z] > git status -z -uall [17ms]
[2022-09-20T07:31:04.628Z] > git symbolic-ref --short HEAD [1ms]
[2022-09-20T07:31:04.633Z] > git for-each-ref --format=%(refname)%00%(upstream:short)%00%(objectname)%00%(upstream:track)%00%(upstream:remotename)%00%(upstream:remoteref) refs/heads/main refs/remotes/main [1ms]
[2022-09-20T07:31:04.642Z] > git remote --verbose [2ms]
[2022-09-20T07:31:04.642Z] > git for-each-ref --sort -committerdate --format %(refname) %(objectname) %(*objectname) [5ms]
[2022-09-20T07:31:04.647Z] > git config --get commit.template [1ms]
[2022-09-20T07:31:09.675Z] > git status -z -uall [19ms]
[2022-09-20T07:31:09.679Z] > git symbolic-ref --short HEAD [1ms]
[2022-09-20T07:31:09.684Z] > git for-each-ref --format=%(refname)%00%(upstream:short)%00%(objectname)%00%(upstream:track)%00%(upstream:remotename)%00%(upstream:remoteref) refs/heads/main refs/remotes/main [1ms]
[2022-09-20T07:31:09.692Z] > git remote --verbose [1ms]
[2022-09-20T07:31:09.692Z] > git for-each-ref --sort -committerdate --format %(refname) %(objectname) %(*objectname) [5ms]
[2022-09-20T07:31:09.699Z] > git config --get commit.template [1ms]
[2022-09-20T07:31:17.539Z] > git status -z -uall [17ms]
[2022-09-20T07:31:17.544Z] > git symbolic-ref --short HEAD [1ms]
[2022-09-20T07:31:17.550Z] > git for-each-ref --format=%(refname)%00%(upstream:short)%00%(objectname)%00%(upstream:track)%00%(upstream:remotename)%00%(upstream:remoteref) refs/heads/main refs/remotes/main [1ms]
[2022-09-20T07:31:17.558Z] > git remote --verbose [1ms]
[2022-09-20T07:31:17.558Z] > git for-each-ref --sort -committerdate --format %(refname) %(objectname) %(*objectname) [5ms]
[2022-09-20T07:31:17.567Z] > git config --get commit.template [0ms]
[2022-09-20T07:31:22.595Z] > git status -z -uall [18ms]
[2022-09-20T07:31:22.602Z] > git symbolic-ref --short HEAD [1ms]
[2022-09-20T07:31:22.620Z] > git for-each-ref --format=%(refname)%00%(upstream:short)%00%(objectname)%00%(upstream:track)%00%(upstream:remotename)%00%(upstream:remoteref) refs/heads/main refs/remotes/main [3ms]
[2022-09-20T07:31:22.662Z] > git for-each-ref --sort -committerdate --format %(refname) %(objectname) %(*objectname) [24ms]
[2022-09-20T07:31:22.664Z] > git remote --verbose [8ms]
[2022-09-20T07:31:22.696Z] > git config --get commit.template [4ms]
[2022-09-20T07:31:46.764Z] > git status -z -uall [23ms]
[2022-09-20T07:31:46.771Z] > git symbolic-ref --short HEAD [2ms]
[2022-09-20T07:31:46.776Z] > git for-each-ref --format=%(refname)%00%(upstream:short)%00%(objectname)%00%(upstream:track)%00%(upstream:remotename)%00%(upstream:remoteref) refs/heads/main refs/remotes/main [1ms]
[2022-09-20T07:31:46.785Z] > git remote --verbose [1ms]
[2022-09-20T07:31:46.785Z] > git for-each-ref --sort -committerdate --format %(refname) %(objectname) %(*objectname) [4ms]
[2022-09-20T07:31:46.791Z] > git config --get commit.template [0ms]
[2022-09-20T07:31:51.834Z] > git status -z -uall [29ms]
[2022-09-20T07:31:51.841Z] > git symbolic-ref --short HEAD [1ms]
[2022-09-20T07:31:51.852Z] > git for-each-ref --format=%(refname)%00%(upstream:short)%00%(objectname)%00%(upstream:track)%00%(upstream:remotename)%00%(upstream:remoteref) refs/heads/main refs/remotes/main [0ms]
[2022-09-20T07:31:51.862Z] > git remote --verbose [2ms]
[2022-09-20T07:31:51.862Z] > git for-each-ref --sort -committerdate --format %(refname) %(objectname) %(*objectname) [6ms]
[2022-09-20T07:31:51.869Z] > git config --get commit.template [1ms]
[2022-09-20T07:31:56.900Z] > git status -z -uall [17ms]
[2022-09-20T07:31:56.906Z] > git symbolic-ref --short HEAD [1ms]
[2022-09-20T07:31:56.913Z] > git for-each-ref --format=%(refname)%00%(upstream:short)%00%(objectname)%00%(upstream:track)%00%(upstream:remotename)%00%(upstream:remoteref) refs/heads/main refs/remotes/main [1ms]
[2022-09-20T07:31:56.928Z] > git remote --verbose [7ms]
[2022-09-20T07:31:56.929Z] > git for-each-ref --sort -committerdate --format %(refname) %(objectname) %(*objectname) [12ms]
[2022-09-20T07:31:56.937Z] > git config --get commit.template [1ms]
[2022-09-20T07:32:01.965Z] > git status -z -uall [19ms]
[2022-09-20T07:32:01.969Z] > git symbolic-ref --short HEAD [1ms]
[2022-09-20T07:32:01.974Z] > git for-each-ref --format=%(refname)%00%(upstream:short)%00%(objectname)%00%(upstream:track)%00%(upstream:remotename)%00%(upstream:remoteref) refs/heads/main refs/remotes/main [1ms]
[2022-09-20T07:32:01.983Z] > git remote --verbose [2ms]
[2022-09-20T07:32:01.983Z] > git for-each-ref --sort -committerdate --format %(refname) %(objectname) %(*objectname) [5ms]
[2022-09-20T07:32:01.990Z] > git config --get commit.template [1ms]
[2022-09-20T07:32:07.018Z] > git status -z -uall [19ms]
[2022-09-20T07:32:07.026Z] > git symbolic-ref --short HEAD [1ms]
[2022-09-20T07:32:07.032Z] > git for-each-ref --format=%(refname)%00%(upstream:short)%00%(objectname)%00%(upstream:track)%00%(upstream:remotename)%00%(upstream:remoteref) refs/heads/main refs/remotes/main [1ms]
[2022-09-20T07:32:07.040Z] > git remote --verbose [1ms]
[2022-09-20T07:32:07.040Z] > git for-each-ref --sort -committerdate --format %(refname) %(objectname) %(*objectname) [4ms]
[2022-09-20T07:32:07.047Z] > git config --get commit.template [1ms]
[2022-09-20T07:32:12.077Z] > git status -z -uall [20ms]
[2022-09-20T07:32:12.082Z] > git symbolic-ref --short HEAD [2ms]
[2022-09-20T07:32:12.087Z] > git for-each-ref --format=%(refname)%00%(upstream:short)%00%(objectname)%00%(upstream:track)%00%(upstream:remotename)%00%(upstream:remoteref) refs/heads/main refs/remotes/main [0ms]
[2022-09-20T07:32:12.095Z] > git remote --verbose [1ms]
[2022-09-20T07:32:12.095Z] > git for-each-ref --sort -committerdate --format %(refname) %(objectname) %(*objectname) [4ms]
[2022-09-20T07:32:12.102Z] > git config --get commit.template [0ms]
[2022-09-20T07:32:17.132Z] > git status -z -uall [21ms]
[2022-09-20T07:32:17.137Z] > git symbolic-ref --short HEAD [1ms]
[2022-09-20T07:32:17.143Z] > git for-each-ref --format=%(refname)%00%(upstream:short)%00%(objectname)%00%(upstream:track)%00%(upstream:remotename)%00%(upstream:remoteref) refs/heads/main refs/remotes/main [1ms]
[2022-09-20T07:32:17.151Z] > git remote --verbose [1ms]
[2022-09-20T07:32:17.151Z] > git for-each-ref --sort -committerdate --format %(refname) %(objectname) %(*objectname) [4ms]
[2022-09-20T07:32:17.159Z] > git config --get commit.template [1ms]
[2022-09-20T07:32:22.185Z] > git status -z -uall [19ms]
[2022-09-20T07:32:22.189Z] > git symbolic-ref --short HEAD [1ms]
[2022-09-20T07:32:22.195Z] > git for-each-ref --format=%(refname)%00%(upstream:short)%00%(objectname)%00%(upstream:track)%00%(upstream:remotename)%00%(upstream:remoteref) refs/heads/main refs/remotes/main [1ms]
[2022-09-20T07:32:22.202Z] > git remote --verbose [1ms]
[2022-09-20T07:32:22.203Z] > git for-each-ref --sort -committerdate --format %(refname) %(objectname) %(*objectname) [5ms]
[2022-09-20T07:32:22.210Z] > git config --get commit.template [1ms]
[2022-09-20T07:32:27.237Z] > git status -z -uall [18ms]
[2022-09-20T07:32:27.241Z] > git symbolic-ref --short HEAD [1ms]
[2022-09-20T07:32:27.249Z] > git for-each-ref --format=%(refname)%00%(upstream:short)%00%(objectname)%00%(upstream:track)%00%(upstream:remotename)%00%(upstream:remoteref) refs/heads/main refs/remotes/main [0ms]
[2022-09-20T07:32:27.259Z] > git remote --verbose [1ms]
[2022-09-20T07:32:27.259Z] > git for-each-ref --sort -committerdate --format %(refname) %(objectname) %(*objectname) [5ms]
[2022-09-20T07:32:27.269Z] > git config --get commit.template [0ms]
[2022-09-20T07:32:32.294Z] > git status -z -uall [18ms]
[2022-09-20T07:32:32.298Z] > git symbolic-ref --short HEAD [1ms]
[2022-09-20T07:32:32.305Z] > git for-each-ref --format=%(refname)%00%(upstream:short)%00%(objectname)%00%(upstream:track)%00%(upstream:remotename)%00%(upstream:remoteref) refs/heads/main refs/remotes/main [1ms]
[2022-09-20T07:32:32.315Z] > git for-each-ref --sort -committerdate --format %(refname) %(objectname) %(*objectname) [5ms]
[2022-09-20T07:32:32.315Z] > git remote --verbose [1ms]
[2022-09-20T07:32:32.323Z] > git config --get commit.template [1ms]
[2022-09-20T07:32:38.579Z] > git status -z -uall [17ms]
[2022-09-20T07:32:38.584Z] > git symbolic-ref --short HEAD [1ms]
[2022-09-20T07:32:38.590Z] > git for-each-ref --format=%(refname)%00%(upstream:short)%00%(objectname)%00%(upstream:track)%00%(upstream:remotename)%00%(upstream:remoteref) refs/heads/main refs/remotes/main [1ms]
[2022-09-20T07:32:38.597Z] > git remote --verbose [0ms]
[2022-09-20T07:32:38.598Z] > git for-each-ref --sort -committerdate --format %(refname) %(objectname) %(*objectname) [5ms]
[2022-09-20T07:32:38.605Z] > git config --get commit.template [1ms]
[2022-09-20T07:32:43.632Z] > git status -z -uall [19ms]
[2022-09-20T07:32:43.638Z] > git symbolic-ref --short HEAD [1ms]
[2022-09-20T07:32:43.643Z] > git for-each-ref --format=%(refname)%00%(upstream:short)%00%(objectname)%00%(upstream:track)%00%(upstream:remotename)%00%(upstream:remoteref) refs/heads/main refs/remotes/main [1ms]
[2022-09-20T07:32:43.653Z] > git remote --verbose [1ms]
[2022-09-20T07:32:43.654Z] > git for-each-ref --sort -committerdate --format %(refname) %(objectname) %(*objectname) [6ms]
[2022-09-20T07:32:43.661Z] > git config --get commit.template [1ms]
[2022-09-20T07:32:48.694Z] > git status -z -uall [24ms]
[2022-09-20T07:32:48.703Z] > git symbolic-ref --short HEAD [1ms]
[2022-09-20T07:32:48.712Z] > git for-each-ref --format=%(refname)%00%(upstream:short)%00%(objectname)%00%(upstream:track)%00%(upstream:remotename)%00%(upstream:remoteref) refs/heads/main refs/remotes/main [2ms]
[2022-09-20T07:32:48.720Z] > git remote --verbose [1ms]
[2022-09-20T07:32:48.721Z] > git for-each-ref --sort -committerdate --format %(refname) %(objectname) %(*objectname) [6ms]
[2022-09-20T07:32:48.735Z] > git config --get commit.template [5ms]
[2022-09-20T07:32:53.763Z] > git status -z -uall [19ms]
[2022-09-20T07:32:53.770Z] > git symbolic-ref --short HEAD [3ms]
[2022-09-20T07:32:53.775Z] > git for-each-ref --format=%(refname)%00%(upstream:short)%00%(objectname)%00%(upstream:track)%00%(upstream:remotename)%00%(upstream:remoteref) refs/heads/main refs/remotes/main [1ms]
[2022-09-20T07:32:53.783Z] > git remote --verbose [1ms]
[2022-09-20T07:32:53.783Z] > git for-each-ref --sort -committerdate --format %(refname) %(objectname) %(*objectname) [5ms]
[2022-09-20T07:32:53.790Z] > git config --get commit.template [1ms]
[2022-09-20T07:32:58.817Z] > git status -z -uall [21ms]
[2022-09-20T07:32:58.822Z] > git symbolic-ref --short HEAD [1ms]
[2022-09-20T07:32:58.829Z] > git for-each-ref --format=%(refname)%00%(upstream:short)%00%(objectname)%00%(upstream:track)%00%(upstream:remotename)%00%(upstream:remoteref) refs/heads/main refs/remotes/main [1ms]
[2022-09-20T07:32:58.839Z] > git remote --verbose [1ms]
[2022-09-20T07:32:58.840Z] > git for-each-ref --sort -committerdate --format %(refname) %(objectname) %(*objectname) [7ms]
[2022-09-20T07:32:58.849Z] > git config --get commit.template [3ms]
[2022-09-20T07:33:03.876Z] > git status -z -uall [19ms]
[2022-09-20T07:33:03.881Z] > git symbolic-ref --short HEAD [2ms]
[2022-09-20T07:33:03.887Z] > git for-each-ref --format=%(refname)%00%(upstream:short)%00%(objectname)%00%(upstream:track)%00%(upstream:remotename)%00%(upstream:remoteref) refs/heads/main refs/remotes/main [1ms]
[2022-09-20T07:33:03.896Z] > git remote --verbose [1ms]
[2022-09-20T07:33:03.897Z] > git for-each-ref --sort -committerdate --format %(refname) %(objectname) %(*objectname) [6ms]
[2022-09-20T07:33:03.904Z] > git config --get commit.template [1ms]
[2022-09-20T07:33:08.931Z] > git status -z -uall [18ms]
[2022-09-20T07:33:08.936Z] > git symbolic-ref --short HEAD [1ms]
[2022-09-20T07:33:08.941Z] > git for-each-ref --format=%(refname)%00%(upstream:short)%00%(objectname)%00%(upstream:track)%00%(upstream:remotename)%00%(upstream:remoteref) refs/heads/main refs/remotes/main [1ms]
[2022-09-20T07:33:08.949Z] > git remote --verbose [1ms]
[2022-09-20T07:33:08.949Z] > git for-each-ref --sort -committerdate --format %(refname) %(objectname) %(*objectname) [5ms]
[2022-09-20T07:33:08.957Z] > git config --get commit.template [1ms]
[2022-09-20T07:33:13.988Z] > git status -z -uall [21ms]
[2022-09-20T07:33:13.992Z] > git symbolic-ref --short HEAD [1ms]
[2022-09-20T07:33:13.998Z] > git for-each-ref --format=%(refname)%00%(upstream:short)%00%(objectname)%00%(upstream:track)%00%(upstream:remotename)%00%(upstream:remoteref) refs/heads/main refs/remotes/main [1ms]
[2022-09-20T07:33:14.007Z] > git remote --verbose [1ms]
[2022-09-20T07:33:14.007Z] > git for-each-ref --sort -committerdate --format %(refname) %(objectname) %(*objectname) [5ms]
[2022-09-20T07:33:14.014Z] > git config --get commit.template [1ms]
[2022-09-20T07:33:19.041Z] > git status -z -uall [18ms]
[2022-09-20T07:33:19.046Z] > git symbolic-ref --short HEAD [1ms]
[2022-09-20T07:33:19.051Z] > git for-each-ref --format=%(refname)%00%(upstream:short)%00%(objectname)%00%(upstream:track)%00%(upstream:remotename)%00%(upstream:remoteref) refs/heads/main refs/remotes/main [1ms]
[2022-09-20T07:33:19.059Z] > git remote --verbose [1ms]
[2022-09-20T07:33:19.059Z] > git for-each-ref --sort -committerdate --format %(refname) %(objectname) %(*objectname) [4ms]
[2022-09-20T07:33:19.066Z] > git config --get commit.template [1ms]
[2022-09-20T07:33:24.093Z] > git status -z -uall [20ms]
[2022-09-20T07:33:24.098Z] > git symbolic-ref --short HEAD [1ms]
[2022-09-20T07:33:24.104Z] > git for-each-ref --format=%(refname)%00%(upstream:short)%00%(objectname)%00%(upstream:track)%00%(upstream:remotename)%00%(upstream:remoteref) refs/heads/main refs/remotes/main [1ms]
[2022-09-20T07:33:24.112Z] > git remote --verbose [1ms]
[2022-09-20T07:33:24.113Z] > git for-each-ref --sort -committerdate --format %(refname) %(objectname) %(*objectname) [4ms]
[2022-09-20T07:33:24.120Z] > git config --get commit.template [0ms]
[2022-09-20T07:33:29.148Z] > git status -z -uall [19ms]
[2022-09-20T07:33:29.153Z] > git symbolic-ref --short HEAD [0ms]
[2022-09-20T07:33:29.160Z] > git for-each-ref --format=%(refname)%00%(upstream:short)%00%(objectname)%00%(upstream:track)%00%(upstream:remotename)%00%(upstream:remoteref) refs/heads/main refs/remotes/main [1ms]
[2022-09-20T07:33:29.167Z] > git remote --verbose [1ms]
[2022-09-20T07:33:29.168Z] > git for-each-ref --sort -committerdate --format %(refname) %(objectname) %(*objectname) [5ms]
[2022-09-20T07:33:29.176Z] > git config --get commit.template [1ms]
[2022-09-20T07:33:34.205Z] > git status -z -uall [21ms]
[2022-09-20T07:33:34.211Z] > git symbolic-ref --short HEAD [0ms]
[2022-09-20T07:33:34.217Z] > git for-each-ref --format=%(refname)%00%(upstream:short)%00%(objectname)%00%(upstream:track)%00%(upstream:remotename)%00%(upstream:remoteref) refs/heads/main refs/remotes/main [1ms]
[2022-09-20T07:33:34.228Z] > git remote --verbose [1ms]
[2022-09-20T07:33:34.228Z] > git for-each-ref --sort -committerdate --format %(refname) %(objectname) %(*objectname) [8ms]
[2022-09-20T07:33:34.233Z] > git config --get commit.template [1ms]
[2022-09-20T07:35:53.495Z] > git fetch [22ms]
[2022-09-20T07:35:53.495Z] > git fetch [29ms]
[2022-09-20T07:35:53.506Z] > git status -z -uall [1ms]
[2022-09-20T07:35:53.514Z] > git symbolic-ref --short HEAD [1ms]
[2022-09-20T07:35:53.528Z] > git status -z -uall [34ms]
[2022-09-20T07:35:53.552Z] > git for-each-ref --format=%(refname)%00%(upstream:short)%00%(objectname)%00%(upstream:track)%00%(upstream:remotename)%00%(upstream:remoteref) refs/heads/main refs/remotes/main [24ms]
[2022-09-20T07:35:53.562Z] > git remote --verbose [2ms]
[2022-09-20T07:35:53.562Z] > git for-each-ref --sort -committerdate --format %(refname) %(objectname) %(*objectname) [5ms]
[2022-09-20T07:35:53.571Z] > git ls-files --stage -- /home/maryam/phase-0-html-document-structure-lab/index.html [19ms]
[2022-09-20T07:35:53.576Z] > git symbolic-ref --short HEAD [32ms]
[2022-09-20T07:35:53.587Z] > git cat-file -s 4ee34e565b001351951639c67fbe5c7b221a9b45 [12ms]
[2022-09-20T07:35:53.590Z] > git config --get commit.template [4ms]
[2022-09-20T07:35:53.591Z] > git for-each-ref --format=%(refname)%00%(upstream:short)%00%(objectname)%00%(upstream:track)%00%(upstream:remotename)%00%(upstream:remoteref) refs/heads/main refs/remotes/main [12ms]
[2022-09-20T07:35:53.613Z] > git show --textconv :index.html [7ms]
[2022-09-20T07:35:53.613Z] > git remote --verbose [13ms]
[2022-09-20T07:35:53.614Z] > git for-each-ref --sort -committerdate --format %(refname) %(objectname) %(*objectname) [19ms]
[2022-09-20T07:35:53.640Z] > git config --get commit.template [6ms]
[2022-09-20T07:35:53.685Z] > git status -z -uall [36ms]
[2022-09-20T07:35:53.693Z] > git symbolic-ref --short HEAD [2ms]
[2022-09-20T07:35:53.700Z] > git for-each-ref --format=%(refname)%00%(upstream:short)%00%(objectname)%00%(upstream:track)%00%(upstream:remotename)%00%(upstream:remoteref) refs/heads/main refs/remotes/main [2ms]
[2022-09-20T07:35:53.713Z] > git for-each-ref --sort -committerdate --format %(refname) %(objectname) %(*objectname) [7ms]
[2022-09-20T07:35:53.714Z] > git remote --verbose [3ms]
[2022-09-20T07:35:53.728Z] > git config --get commit.template [2ms]
[2022-09-20T07:35:54.812Z] > git status -z -uall [2ms]
[2022-09-20T07:35:54.818Z] > git symbolic-ref --short HEAD [1ms]
[2022-09-20T07:35:54.823Z] > git for-each-ref --format=%(refname)%00%(upstream:short)%00%(objectname)%00%(upstream:track)%00%(upstream:remotename)%00%(upstream:remoteref) refs/heads/main refs/remotes/main [1ms]
[2022-09-20T07:35:54.831Z] > git remote --verbose [1ms]
[2022-09-20T07:35:54.832Z] > git for-each-ref --sort -committerdate --format %(refname) %(objectname) %(*objectname) [5ms]
[2022-09-20T07:35:54.838Z] > git config --get commit.template [0ms]
[2022-09-20T07:35:54.925Z] > git ls-files --stage -- /home/maryam/phase-0-html-document-structure-lab/index.html [3ms]
[2022-09-20T07:35:54.929Z] > git cat-file -s 4ee34e565b001351951639c67fbe5c7b221a9b45 [0ms]
[2022-09-20T07:35:54.954Z] > git show --textconv :index.html [1ms]
[2022-09-20T07:35:55.706Z] > git fetch [2223ms]
[2022-09-20T07:35:55.713Z] > git status -z -uall [2ms]
[2022-09-20T07:35:55.717Z] > git symbolic-ref --short HEAD [0ms]
[2022-09-20T07:35:55.723Z] > git for-each-ref --format=%(refname)%00%(upstream:short)%00%(objectname)%00%(upstream:track)%00%(upstream:remotename)%00%(upstream:remoteref) refs/heads/master refs/remotes/master [0ms]
[2022-09-20T07:35:55.735Z] > git remote --verbose [2ms]
[2022-09-20T07:35:55.735Z] > git for-each-ref --sort -committerdate --format %(refname) %(objectname) %(*objectname) [7ms]
[2022-09-20T07:35:55.742Z] > git config --get commit.template [0ms]
[2022-09-20T07:35:56.776Z] > git ls-files --stage -- /home/maryam/phase-0-html-document-structure-lab/index.html [1ms]
[2022-09-20T07:35:56.781Z] > git cat-file -s 4ee34e565b001351951639c67fbe5c7b221a9b45 [1ms]
[2022-09-20T07:35:56.831Z] > git show --textconv :index.html [1ms]
[2022-09-20T07:35:57.285Z] > git fetch [3797ms]
[2022-09-20T07:35:57.291Z] > git status -z -uall [2ms]
[2022-09-20T07:35:57.296Z] > git symbolic-ref --short HEAD [1ms]
[2022-09-20T07:35:57.296Z] fatal: ref HEAD is not a symbolic ref
[2022-09-20T07:35:57.301Z] > git rev-parse HEAD [1ms]
[2022-09-20T07:35:57.310Z] > git remote --verbose [2ms]
[2022-09-20T07:35:57.310Z] > git for-each-ref --sort -committerdate --format %(refname) %(objectname) %(*objectname) [5ms]
[2022-09-20T07:35:57.319Z] > git config --get commit.template [4ms]
[2022-09-20T07:35:58.405Z] > git status -z -uall [4ms]
[2022-09-20T07:35:58.411Z] > git symbolic-ref --short HEAD [1ms]
[2022-09-20T07:35:58.411Z] fatal: ref HEAD is not a symbolic ref
[2022-09-20T07:35:58.416Z] > git rev-parse HEAD [1ms]
[2022-09-20T07:35:58.424Z] > git remote --verbose [2ms]
[2022-09-20T07:35:58.424Z] > git for-each-ref --sort -committerdate --format %(refname) %(objectname) %(*objectname) [5ms]
[2022-09-20T07:35:58.431Z] > git config --get commit.template [1ms]
[2022-09-20T07:35:58.672Z] > git status -z -uall [18ms]
[2022-09-20T07:35:58.676Z] > git symbolic-ref --short HEAD [1ms]
[2022-09-20T07:35:58.682Z] > git for-each-ref --format=%(refname)%00%(upstream:short)%00%(objectname)%00%(upstream:track)%00%(upstream:remotename)%00%(upstream:remoteref) refs/heads/main refs/remotes/main [1ms]
[2022-09-20T07:35:58.690Z] > git remote --verbose [1ms]
[2022-09-20T07:35:58.690Z] > git for-each-ref --sort -committerdate --format %(refname) %(objectname) %(*objectname) [4ms]
[2022-09-20T07:35:58.696Z] > git config --get commit.template [1ms]
[2022-09-20T07:36:03.726Z] > git status -z -uall [20ms]
[2022-09-20T07:36:03.730Z] > git symbolic-ref --short HEAD [1ms]
[2022-09-20T07:36:03.736Z] > git for-each-ref --format=%(refname)%00%(upstream:short)%00%(objectname)%00%(upstream:track)%00%(upstream:remotename)%00%(upstream:remoteref) refs/heads/main refs/remotes/main [1ms]
[2022-09-20T07:36:03.745Z] > git remote --verbose [1ms]
[2022-09-20T07:36:03.745Z] > git for-each-ref --sort -committerdate --format %(refname) %(objectname) %(*objectname) [5ms]
[2022-09-20T07:36:03.752Z] > git config --get commit.template [0ms]
[2022-09-20T07:36:08.782Z] > git status -z -uall [25ms]
[2022-09-20T07:36:08.789Z] > git symbolic-ref --short HEAD [2ms]
[2022-09-20T07:36:08.796Z] > git for-each-ref --format=%(refname)%00%(upstream:short)%00%(objectname)%00%(upstream:track)%00%(upstream:remotename)%00%(upstream:remoteref) refs/heads/main refs/remotes/main [1ms]
[2022-09-20T07:36:08.810Z] > git remote --verbose [1ms]
[2022-09-20T07:36:08.811Z] > git for-each-ref --sort -committerdate --format %(refname) %(objectname) %(*objectname) [8ms]
[2022-09-20T07:36:08.823Z] > git config --get commit.template [1ms]
[2022-09-20T07:36:17.677Z] > git status -z -uall [18ms]
[2022-09-20T07:36:17.681Z] > git symbolic-ref --short HEAD [1ms]
[2022-09-20T07:36:17.687Z] > git for-each-ref --format=%(refname)%00%(upstream:short)%00%(objectname)%00%(upstream:track)%00%(upstream:remotename)%00%(upstream:remoteref) refs/heads/main refs/remotes/main [1ms]
[2022-09-20T07:36:17.696Z] > git remote --verbose [2ms]
[2022-09-20T07:36:17.696Z] > git for-each-ref --sort -committerdate --format %(refname) %(objectname) %(*objectname) [5ms]
[2022-09-20T07:36:17.705Z] > git config --get commit.template [2ms]
[2022-09-20T07:45:21.274Z] > git fetch [116ms]
[2022-09-20T07:45:21.317Z] > git status -z -uall [14ms]
[2022-09-20T07:45:21.359Z] > git symbolic-ref --short HEAD [24ms]
[2022-09-20T07:45:21.371Z] > git ls-files --stage -- /home/maryam/phase-0-html-document-structure-lab/index.html [16ms]
[2022-09-20T07:45:21.384Z] > git for-each-ref --format=%(refname)%00%(upstream:short)%00%(objectname)%00%(upstream:track)%00%(upstream:remotename)%00%(upstream:remoteref) refs/heads/main refs/remotes/main [14ms]
[2022-09-20T07:45:21.434Z] > git remote --verbose [8ms]
[2022-09-20T07:45:21.435Z] > git for-each-ref --sort -committerdate --format %(refname) %(objectname) %(*objectname) [33ms]
[2022-09-20T07:45:21.448Z] > git cat-file -s 4ee34e565b001351951639c67fbe5c7b221a9b45 [64ms]
[2022-09-20T07:45:21.460Z] > git config --get commit.template [2ms]
[2022-09-20T07:45:21.479Z] > git status -z -uall [229ms]
[2022-09-20T07:45:21.505Z] > git show --textconv :index.html [27ms]
[2022-09-20T07:45:21.505Z] > git symbolic-ref --short HEAD [2ms]
[2022-09-20T07:45:21.522Z] > git for-each-ref --format=%(refname)%00%(upstream:short)%00%(objectname)%00%(upstream:track)%00%(upstream:remotename)%00%(upstream:remoteref) refs/heads/main refs/remotes/main [6ms]
[2022-09-20T07:45:21.539Z] > git remote --verbose [1ms]
[2022-09-20T07:45:21.539Z] > git for-each-ref --sort -committerdate --format %(refname) %(objectname) %(*objectname) [10ms]
[2022-09-20T07:45:21.581Z] > git config --get commit.template [1ms]
[2022-09-20T07:45:22.797Z] > git status -z -uall [1ms]
[2022-09-20T07:45:22.802Z] > git symbolic-ref --short HEAD [1ms]
[2022-09-20T07:45:22.807Z] > git for-each-ref --format=%(refname)%00%(upstream:short)%00%(objectname)%00%(upstream:track)%00%(upstream:remotename)%00%(upstream:remoteref) refs/heads/main refs/remotes/main [1ms]
[2022-09-20T07:45:22.819Z] > git for-each-ref --sort -committerdate --format %(refname) %(objectname) %(*objectname) [6ms]
[2022-09-20T07:45:22.821Z] > git remote --verbose [3ms]
[2022-09-20T07:45:22.832Z] > git config --get commit.template [0ms]
[2022-09-20T07:45:22.916Z] > git ls-files --stage -- /home/maryam/phase-0-html-document-structure-lab/index.html [1ms]
[2022-09-20T07:45:22.922Z] > git cat-file -s 4ee34e565b001351951639c67fbe5c7b221a9b45 [1ms]
[2022-09-20T07:45:22.939Z] > git show --textconv :index.html [1ms]
[2022-09-20T07:45:23.246Z] > git fetch [2058ms]
[2022-09-20T07:45:23.246Z] ERROR: We're doing an SSH key audit.
Reason: unverified automatically (private key found in a public repository)
Please visit https://github.com/settings/keys/71074582
to approve this key so we know it's safe.

Fingerprint:
SHA256:plWAJ3zmt1/XCD9ecPd7aswrjMrRJ02MLWZoL05BKaM

fatal: Could not read from remote repository.

Please make sure you have the correct access rights
and the repository exists.
[2022-09-20T07:45:25.231Z] > git fetch [3999ms]
[2022-09-20T07:45:25.239Z] > git status -z -uall [4ms]
[2022-09-20T07:45:25.244Z] > git symbolic-ref --short HEAD [1ms]
[2022-09-20T07:45:25.244Z] fatal: ref HEAD is not a symbolic ref
[2022-09-20T07:45:25.250Z] > git rev-parse HEAD [1ms]
[2022-09-20T07:45:25.261Z] > git remote --verbose [2ms]
[2022-09-20T07:45:25.262Z] > git for-each-ref --sort -committerdate --format %(refname) %(objectname) %(*objectname) [7ms]
[2022-09-20T07:45:25.269Z] > git config --get commit.template [1ms]
[2022-09-20T07:45:26.357Z] > git status -z -uall [1ms]
[2022-09-20T07:45:26.363Z] > git symbolic-ref --short HEAD [1ms]
[2022-09-20T07:45:26.363Z] fatal: ref HEAD is not a symbolic ref
[2022-09-20T07:45:26.369Z] > git rev-parse HEAD [1ms]
[2022-09-20T07:45:26.376Z] > git for-each-ref --sort -committerdate --format %(refname) %(objectname) %(*objectname) [4ms]
[2022-09-20T07:45:26.377Z] > git remote --verbose [1ms]
[2022-09-20T07:45:26.384Z] > git config --get commit.template [1ms]
[2022-09-20T07:45:26.611Z] > git status -z -uall [18ms]
[2022-09-20T07:45:26.616Z] > git symbolic-ref --short HEAD [1ms]
[2022-09-20T07:45:26.622Z] > git for-each-ref --format=%(refname)%00%(upstream:short)%00%(objectname)%00%(upstream:track)%00%(upstream:remotename)%00%(upstream:remoteref) refs/heads/main refs/remotes/main [1ms]
[2022-09-20T07:45:26.631Z] > git remote --verbose [2ms]
[2022-09-20T07:45:26.631Z] > git for-each-ref --sort -committerdate --format %(refname) %(objectname) %(*objectname) [5ms]
[2022-09-20T07:45:26.647Z] > git config --get commit.template [1ms]
[2022-09-20T07:45:29.243Z] > git fetch [8031ms]
[2022-09-20T07:45:29.243Z] ERROR: We're doing an SSH key audit.
Reason: unverified automatically (private key found in a public repository)
Please visit https://github.com/settings/keys/71074582
to approve this key so we know it's safe.

Fingerprint:
SHA256:plWAJ3zmt1/XCD9ecPd7aswrjMrRJ02MLWZoL05BKaM

fatal: Could not read from remote repository.

Please make sure you have the correct access rights
and the repository exists.
[2022-09-20T07:45:31.675Z] > git status -z -uall [20ms]
[2022-09-20T07:45:31.679Z] > git symbolic-ref --short HEAD [1ms]
[2022-09-20T07:45:31.685Z] > git for-each-ref --format=%(refname)%00%(upstream:short)%00%(objectname)%00%(upstream:track)%00%(upstream:remotename)%00%(upstream:remoteref) refs/heads/main refs/remotes/main [1ms]
[2022-09-20T07:45:31.697Z] > git for-each-ref --sort -committerdate --format %(refname) %(objectname) %(*objectname) [7ms]
[2022-09-20T07:45:31.697Z] > git remote --verbose [1ms]
[2022-09-20T07:45:31.705Z] > git config --get commit.template [1ms]
[2022-09-20T07:45:33.953Z] > git status -z -uall [2ms]
[2022-09-20T07:45:33.961Z] > git symbolic-ref --short HEAD [0ms]
[2022-09-20T07:45:33.968Z] > git for-each-ref --format=%(refname)%00%(upstream:short)%00%(objectname)%00%(upstream:track)%00%(upstream:remotename)%00%(upstream:remoteref) refs/heads/master refs/remotes/master [1ms]
[2022-09-20T07:45:33.979Z] > git remote --verbose [1ms]
[2022-09-20T07:45:33.979Z] > git for-each-ref --sort -committerdate --format %(refname) %(objectname) %(*objectname) [7ms]
[2022-09-20T07:45:33.990Z] > git config --get commit.template [1ms]
[2022-09-20T07:45:36.733Z] > git status -z -uall [19ms]
[2022-09-20T07:45:36.738Z] > git symbolic-ref --short HEAD [1ms]
[2022-09-20T07:45:36.744Z] > git for-each-ref --format=%(refname)%00%(upstream:short)%00%(objectname)%00%(upstream:track)%00%(upstream:remotename)%00%(upstream:remoteref) refs/heads/main refs/remotes/main [1ms]
[2022-09-20T07:45:36.753Z] > git remote --verbose [1ms]
[2022-09-20T07:45:36.753Z] > git for-each-ref --sort -committerdate --format %(refname) %(objectname) %(*objectname) [4ms]
[2022-09-20T07:45:36.761Z] > git config --get commit.template [0ms]
[2022-09-20T07:45:41.437Z] > git status -z -uall [1ms]
[2022-09-20T07:45:41.445Z] > git symbolic-ref --short HEAD [1ms]
[2022-09-20T07:45:41.451Z] > git for-each-ref --format=%(refname)%00%(upstream:short)%00%(objectname)%00%(upstream:track)%00%(upstream:remotename)%00%(upstream:remoteref) refs/heads/master refs/remotes/master [0ms]
[2022-09-20T07:45:41.461Z] > git remote --verbose [1ms]
[2022-09-20T07:45:41.461Z] > git for-each-ref --sort -committerdate --format %(refname) %(objectname) %(*objectname) [5ms]
[2022-09-20T07:45:41.470Z] > git config --get commit.template [2ms]
[2022-09-20T07:45:41.790Z] > git status -z -uall [19ms]
[2022-09-20T07:45:41.795Z] > git symbolic-ref --short HEAD [0ms]
[2022-09-20T07:45:41.803Z] > git for-each-ref --format=%(refname)%00%(upstream:short)%00%(objectname)%00%(upstream:track)%00%(upstream:remotename)%00%(upstream:remoteref) refs/heads/main refs/remotes/main [2ms]
[2022-09-20T07:45:41.814Z] > git for-each-ref --sort -committerdate --format %(refname) %(objectname) %(*objectname) [6ms]
[2022-09-20T07:45:41.815Z] > git remote --verbose [2ms]
[2022-09-20T07:45:41.822Z] > git config --get commit.template [0ms]
[2022-09-20T07:45:42.578Z] > git check-ignore -v -z --stdin [13ms]
[2022-09-20T07:45:42.579Z] > git check-ignore -v -z --stdin [3ms]
[2022-09-20T07:45:46.940Z] > git status -z -uall [24ms]
[2022-09-20T07:45:46.947Z] > git symbolic-ref --short HEAD [1ms]
[2022-09-20T07:45:46.952Z] > git for-each-ref --format=%(refname)%00%(upstream:short)%00%(objectname)%00%(upstream:track)%00%(upstream:remotename)%00%(upstream:remoteref) refs/heads/main refs/remotes/main [1ms]
[2022-09-20T07:45:46.964Z] > git for-each-ref --sort -committerdate --format %(refname) %(objectname) %(*objectname) [5ms]
[2022-09-20T07:45:46.964Z] > git remote --verbose [1ms]
[2022-09-20T07:45:46.974Z] > git config --get commit.template [1ms]
[2022-09-20T07:45:47.104Z] > git push -u origin [2ms]
[2022-09-20T07:45:47.104Z] fatal: You are not currently on a branch.
To push the history leading to the current (detached HEAD)
state now, use

    git push origin HEAD:<name-of-remote-branch>
[2022-09-20T07:45:53.100Z] > git status -z -uall [28ms]
[2022-09-20T07:45:53.116Z] > git symbolic-ref --short HEAD [8ms]
[2022-09-20T07:45:53.121Z] > git for-each-ref --format=%(refname)%00%(upstream:short)%00%(objectname)%00%(upstream:track)%00%(upstream:remotename)%00%(upstream:remoteref) refs/heads/main refs/remotes/main [1ms]
[2022-09-20T07:45:53.133Z] > git remote --verbose [1ms]
[2022-09-20T07:45:53.134Z] > git for-each-ref --sort -committerdate --format %(refname) %(objectname) %(*objectname) [7ms]
[2022-09-20T07:45:53.146Z] > git config --get commit.template [1ms]
[2022-09-20T07:45:58.176Z] > git status -z -uall [24ms]
[2022-09-20T07:45:58.183Z] > git symbolic-ref --short HEAD [1ms]
[2022-09-20T07:45:58.195Z] > git for-each-ref --format=%(refname)%00%(upstream:short)%00%(objectname)%00%(upstream:track)%00%(upstream:remotename)%00%(upstream:remoteref) refs/heads/main refs/remotes/main [1ms]
[2022-09-20T07:45:58.208Z] > git for-each-ref --sort -committerdate --format %(refname) %(objectname) %(*objectname) [9ms]
[2022-09-20T07:45:58.209Z] > git remote --verbose [5ms]
[2022-09-20T07:45:58.245Z] > git config --get commit.template [10ms]
[2022-09-20T07:46:17.438Z] > git status -z -uall [39ms]
[2022-09-20T07:46:17.448Z] > git symbolic-ref --short HEAD [2ms]
[2022-09-20T07:46:17.464Z] > git for-each-ref --format=%(refname)%00%(upstream:short)%00%(objectname)%00%(upstream:track)%00%(upstream:remotename)%00%(upstream:remoteref) refs/heads/main refs/remotes/main [1ms]
[2022-09-20T07:46:17.482Z] > git remote --verbose [2ms]
[2022-09-20T07:46:17.482Z] > git for-each-ref --sort -committerdate --format %(refname) %(objectname) %(*objectname) [14ms]
[2022-09-20T07:46:17.500Z] > git config --get commit.template [0ms]
[2022-09-20T07:47:14.853Z] > git status -z -uall [78ms]
[2022-09-20T07:47:14.865Z] > git symbolic-ref --short HEAD [1ms]
[2022-09-20T07:47:14.879Z] > git for-each-ref --format=%(refname)%00%(upstream:short)%00%(objectname)%00%(upstream:track)%00%(upstream:remotename)%00%(upstream:remoteref) refs/heads/main refs/remotes/main [1ms]
[2022-09-20T07:47:14.903Z] > git for-each-ref --sort -committerdate --format %(refname) %(objectname) %(*objectname) [12ms]
[2022-09-20T07:47:14.905Z] > git remote --verbose [7ms]
[2022-09-20T07:47:14.929Z] > git config --get commit.template [2ms]
[2022-09-20T07:47:19.971Z] > git status -z -uall [31ms]
[2022-09-20T07:47:19.979Z] > git symbolic-ref --short HEAD [0ms]
[2022-09-20T07:47:19.989Z] > git for-each-ref --format=%(refname)%00%(upstream:short)%00%(objectname)%00%(upstream:track)%00%(upstream:remotename)%00%(upstream:remoteref) refs/heads/main refs/remotes/main [1ms]
[2022-09-20T07:47:19.999Z] > git remote --verbose [1ms]
[2022-09-20T07:47:20.001Z] > git for-each-ref --sort -committerdate --format %(refname) %(objectname) %(*objectname) [7ms]
[2022-09-20T07:47:20.032Z] > git config --get commit.template [12ms]
[2022-09-20T07:47:25.079Z] > git status -z -uall [34ms]
[2022-09-20T07:47:25.088Z] > git symbolic-ref --short HEAD [2ms]
[2022-09-20T07:47:25.107Z] > git for-each-ref --format=%(refname)%00%(upstream:short)%00%(objectname)%00%(upstream:track)%00%(upstream:remotename)%00%(upstream:remoteref) refs/heads/main refs/remotes/main [13ms]
[2022-09-20T07:47:25.122Z] > git remote --verbose [1ms]
[2022-09-20T07:47:25.122Z] > git for-each-ref --sort -committerdate --format %(refname) %(objectname) %(*objectname) [11ms]
[2022-09-20T07:47:25.132Z] > git config --get commit.template [1ms]
[2022-09-20T07:47:31.725Z] > git status -z -uall [52ms]
[2022-09-20T07:47:31.735Z] > git symbolic-ref --short HEAD [2ms]
[2022-09-20T07:47:31.746Z] > git for-each-ref --format=%(refname)%00%(upstream:short)%00%(objectname)%00%(upstream:track)%00%(upstream:remotename)%00%(upstream:remoteref) refs/heads/main refs/remotes/main [1ms]
[2022-09-20T07:47:31.765Z] > git remote --verbose [1ms]
[2022-09-20T07:47:31.765Z] > git for-each-ref --sort -committerdate --format %(refname) %(objectname) %(*objectname) [10ms]
[2022-09-20T07:47:31.789Z] > git config --get commit.template [8ms]
[2022-09-20T07:47:31.792Z] > git add -A -- . [67ms]
[2022-09-20T07:47:32.927Z] > git show --textconv :.git/COMMIT_EDITMSG [30ms]
[2022-09-20T07:47:32.940Z] > git ls-files --stage -- /home/maryam/phase-0-html-document-structure-lab/.git/COMMIT_EDITMSG [18ms]
[2022-09-20T07:47:33.071Z] > git ls-files --stage -- /home/maryam/phase-0-html-document-structure-lab/.git/COMMIT_EDITMSG [4ms]
[2022-09-20T07:47:33.091Z] > git show --textconv :.git/COMMIT_EDITMSG [1ms]
[2022-09-20T07:47:33.311Z] > git check-ignore -v -z --stdin [3ms]
[2022-09-20T07:47:36.122Z] > git add -A -- . [126ms]
[2022-09-20T07:47:36.600Z] > git show --textconv :.git/COMMIT_EDITMSG [10ms]
[2022-09-20T07:47:36.601Z] > git ls-files --stage -- /home/maryam/.git/COMMIT_EDITMSG [2ms]
[2022-09-20T07:47:36.925Z] > git check-ignore -v -z --stdin [7ms]
[2022-09-20T07:47:37.400Z] > git ls-files --stage -- /home/maryam/.git/COMMIT_EDITMSG [3ms]
[2022-09-20T07:47:37.461Z] > git show --textconv :.git/COMMIT_EDITMSG [1ms]
[2022-09-20T07:47:40.589Z] > git -c user.useConfigOnly=true commit --quiet [4460ms]
[2022-09-20T07:47:40.589Z] Aborting commit due to empty commit message.
[2022-09-20T07:47:40.630Z] > git status -z -uall [22ms]
[2022-09-20T07:47:40.643Z] > git symbolic-ref --short HEAD [1ms]
[2022-09-20T07:47:40.651Z] > git for-each-ref --format=%(refname)%00%(upstream:short)%00%(objectname)%00%(upstream:track)%00%(upstream:remotename)%00%(upstream:remoteref) refs/heads/main refs/remotes/main [2ms]
[2022-09-20T07:47:40.667Z] > git remote --verbose [2ms]
[2022-09-20T07:47:40.668Z] > git for-each-ref --sort -committerdate --format %(refname) %(objectname) %(*objectname) [10ms]
[2022-09-20T07:47:40.678Z] > git config --get commit.template [0ms]
[2022-09-20T07:47:41.083Z] > git show --textconv :.git/COMMIT_EDITMSG [6ms]
[2022-09-20T07:47:41.088Z] > git ls-files --stage -- /home/maryam/phase-0-html-document-structure-lab/.git/COMMIT_EDITMSG [6ms]
[2022-09-20T07:47:42.810Z] > git -c user.useConfigOnly=true commit --quiet [10996ms]
[2022-09-20T07:47:42.810Z] Aborting commit due to empty commit message.
[2022-09-20T07:47:43.094Z] > git show --textconv :index.html [8ms]
[2022-09-20T07:47:43.095Z] > git ls-files --stage -- /home/maryam/phase-0-html-document-structure-lab/index.html [2ms]
[2022-09-20T07:47:43.107Z] > git cat-file -s 3331dd727cd4c9bc6fa8e2e1007e369c90b54625 [4ms]
[2022-09-20T07:47:45.712Z] > git status -z -uall [23ms]
[2022-09-20T07:47:45.723Z] > git symbolic-ref --short HEAD [3ms]
[2022-09-20T07:47:45.730Z] > git for-each-ref --format=%(refname)%00%(upstream:short)%00%(objectname)%00%(upstream:track)%00%(upstream:remotename)%00%(upstream:remoteref) refs/heads/main refs/remotes/main [1ms]
[2022-09-20T07:47:45.746Z] > git remote --verbose [1ms]
[2022-09-20T07:47:45.746Z] > git for-each-ref --sort -committerdate --format %(refname) %(objectname) %(*objectname) [9ms]
[2022-09-20T07:47:45.760Z] > git config --get commit.template [1ms]
[2022-09-20T07:47:50.791Z] > git status -z -uall [20ms]
[2022-09-20T07:47:50.798Z] > git symbolic-ref --short HEAD [1ms]
[2022-09-20T07:47:50.806Z] > git for-each-ref --format=%(refname)%00%(upstream:short)%00%(objectname)%00%(upstream:track)%00%(upstream:remotename)%00%(upstream:remoteref) refs/heads/main refs/remotes/main [1ms]
[2022-09-20T07:47:50.819Z] > git remote --verbose [1ms]
[2022-09-20T07:47:50.819Z] > git for-each-ref --sort -committerdate --format %(refname) %(objectname) %(*objectname) [9ms]
[2022-09-20T07:47:50.829Z] > git config --get commit.template [1ms]
[2022-09-20T07:47:55.870Z] > git status -z -uall [21ms]
[2022-09-20T07:47:55.877Z] > git symbolic-ref --short HEAD [0ms]
[2022-09-20T07:47:55.884Z] > git for-each-ref --format=%(refname)%00%(upstream:short)%00%(objectname)%00%(upstream:track)%00%(upstream:remotename)%00%(upstream:remoteref) refs/heads/main refs/remotes/main [1ms]
[2022-09-20T07:47:55.894Z] > git remote --verbose [1ms]
[2022-09-20T07:47:55.894Z] > git for-each-ref --sort -committerdate --format %(refname) %(objectname) %(*objectname) [5ms]
[2022-09-20T07:47:55.911Z] > git config --get commit.template [1ms]
[2022-09-20T07:48:00.944Z] > git status -z -uall [25ms]
[2022-09-20T07:48:00.951Z] > git symbolic-ref --short HEAD [1ms]
[2022-09-20T07:48:00.965Z] > git for-each-ref --format=%(refname)%00%(upstream:short)%00%(objectname)%00%(upstream:track)%00%(upstream:remotename)%00%(upstream:remoteref) refs/heads/main refs/remotes/main [3ms]
[2022-09-20T07:48:00.975Z] > git remote --verbose [0ms]
[2022-09-20T07:48:00.976Z] > git for-each-ref --sort -committerdate --format %(refname) %(objectname) %(*objectname) [5ms]
[2022-09-20T07:48:00.987Z] > git config --get commit.template [1ms]
